2018-06-26 09:27:54.574 [main] INFO  com.course.Application - Starting Application on Damon with PID 8132 (D:\Desktop\AutoTest\AutoTest\UserManage\target\classes started by damon in D:\Desktop\AutoTest\AutoTest)
2018-06-26 09:27:54.586 [main] INFO  com.course.Application - No active profile set, falling back to default profiles: default
2018-06-26 09:27:54.733 [main] INFO  o.s.boot.web.servlet.context.AnnotationConfigServletWebServerApplicationContext - Refreshing org.springframework.boot.web.servlet.context.AnnotationConfigServletWebServerApplicationContext@139982de: startup date [Tue Jun 26 09:27:54 CST 2018]; root of context hierarchy
2018-06-26 09:27:55.860 [main] WARN  org.mybatis.spring.mapper.ClassPathMapperScanner - No MyBatis mapper was found in '[com.course]' package. Please check your configuration.
2018-06-26 09:27:56.334 [main] INFO  o.s.context.support.PostProcessorRegistrationDelegate$BeanPostProcessorChecker - Bean 'org.springframework.transaction.annotation.ProxyTransactionManagementConfiguration' of type [org.springframework.transaction.annotation.ProxyTransactionManagementConfiguration$$EnhancerBySpringCGLIB$$8a48b699] is not eligible for getting processed by all BeanPostProcessors (for example: not eligible for auto-proxying)
2018-06-26 09:27:56.760 [main] INFO  org.springframework.boot.web.embedded.tomcat.TomcatWebServer - Tomcat initialized with port(s): 8899 (http)
2018-06-26 09:27:56.790 [main] INFO  org.apache.catalina.core.StandardService - Starting service [Tomcat]
2018-06-26 09:27:56.791 [main] INFO  org.apache.catalina.core.StandardEngine - Starting Servlet Engine: Apache Tomcat/8.5.31
2018-06-26 09:27:56.797 [localhost-startStop-1] INFO  org.apache.catalina.core.AprLifecycleListener - The APR based Apache Tomcat Native library which allows optimal performance in production environments was not found on the java.library.path: [D:\Program Files\Java\jdk1.8.0_161\bin;C:\WINDOWS\Sun\Java\bin;C:\WINDOWS\system32;C:\WINDOWS;C:\Program Files (x86)\Intel\iCLS Client\;C:\Program Files\Intel\iCLS Client\;D:\Program Files\Java\jdk1.8.0_161\jre\bin;D:\Program Files\Java\jdk1.8.0_161\bin;C:\WINDOWS\system32;C:\WINDOWS;C:\WINDOWS\System32\Wbem;C:\WINDOWS\System32\WindowsPowerShell\v1.0\;C:\Program Files (x86)\Intel\Intel(R) Management Engine Components\DAL;C:\Program Files\Intel\Intel(R) Management Engine Components\DAL;C:\Program Files (x86)\Intel\Intel(R) Management Engine Components\IPT;C:\Program Files\Intel\Intel(R) Management Engine Components\IPT;D:\android-sdk-windows\tools;D:\android-sdk-windows\platform-tools;d:\Program Files (x86)\Git\cmd;C:\WINDOWS\System32\OpenSSH\;D:\apache-maven-3.5.3\bin;C:\Users\damon\AppData\Local\Programs\Python\Python36-32\Scripts\;C:\Users\damon\AppData\Local\Programs\Python\Python36-32\;C:\Users\damon\AppData\Local\Microsoft\WindowsApps;;.]
2018-06-26 09:27:56.966 [localhost-startStop-1] INFO  org.apache.catalina.core.ContainerBase.[Tomcat].[localhost].[/] - Initializing Spring embedded WebApplicationContext
2018-06-26 09:27:56.966 [localhost-startStop-1] INFO  org.springframework.web.context.ContextLoader - Root WebApplicationContext: initialization completed in 2233 ms
2018-06-26 09:27:57.173 [localhost-startStop-1] INFO  org.springframework.boot.web.servlet.ServletRegistrationBean - Servlet dispatcherServlet mapped to [/]
2018-06-26 09:27:57.183 [localhost-startStop-1] INFO  org.springframework.boot.web.servlet.FilterRegistrationBean - Mapping filter: 'characterEncodingFilter' to: [/*]
2018-06-26 09:27:57.184 [localhost-startStop-1] INFO  org.springframework.boot.web.servlet.FilterRegistrationBean - Mapping filter: 'hiddenHttpMethodFilter' to: [/*]
2018-06-26 09:27:57.184 [localhost-startStop-1] INFO  org.springframework.boot.web.servlet.FilterRegistrationBean - Mapping filter: 'httpPutFormContentFilter' to: [/*]
2018-06-26 09:27:57.184 [localhost-startStop-1] INFO  org.springframework.boot.web.servlet.FilterRegistrationBean - Mapping filter: 'requestContextFilter' to: [/*]
2018-06-26 09:27:58.203 [main] INFO  o.springframework.web.servlet.mvc.method.annotation.RequestMappingHandlerMapping - Mapped "{[/v1/getUserInfo],methods=[POST]}" onto public java.util.List<com.course.model.User> com.course.controller.UserManage.getUserInfo(com.course.model.User,javax.servlet.http.HttpServletRequest)
2018-06-26 09:27:58.204 [main] INFO  o.springframework.web.servlet.mvc.method.annotation.RequestMappingHandlerMapping - Mapped "{[/v1/signIn],methods=[POST]}" onto public java.lang.Boolean com.course.controller.UserManage.addUser(com.course.model.User)
2018-06-26 09:27:58.204 [main] INFO  o.springframework.web.servlet.mvc.method.annotation.RequestMappingHandlerMapping - Mapped "{[/v1/login],methods=[POST]}" onto public java.lang.Boolean com.course.controller.UserManage.login(com.course.model.User,javax.servlet.http.HttpServletResponse)
2018-06-26 09:27:58.205 [main] INFO  o.springframework.web.servlet.mvc.method.annotation.RequestMappingHandlerMapping - Mapped "{[/v1/deleteUser],methods=[POST]}" onto public boolean com.course.controller.UserManage.deleteUser(com.course.model.User,javax.servlet.http.HttpServletRequest)
2018-06-26 09:27:58.205 [main] INFO  o.springframework.web.servlet.mvc.method.annotation.RequestMappingHandlerMapping - Mapped "{[/v1/updateUserInfo],methods=[POST]}" onto public boolean com.course.controller.UserManage.updateUserInfo(com.course.model.User,javax.servlet.http.HttpServletRequest)
2018-06-26 09:27:58.213 [main] INFO  o.springframework.web.servlet.mvc.method.annotation.RequestMappingHandlerMapping - Mapped "{[/swagger-resources]}" onto public org.springframework.http.ResponseEntity<java.util.List<springfox.documentation.swagger.web.SwaggerResource>> springfox.documentation.swagger.web.ApiResourceController.swaggerResources()
2018-06-26 09:27:58.214 [main] INFO  o.springframework.web.servlet.mvc.method.annotation.RequestMappingHandlerMapping - Mapped "{[/swagger-resources/configuration/ui]}" onto public org.springframework.http.ResponseEntity<springfox.documentation.swagger.web.UiConfiguration> springfox.documentation.swagger.web.ApiResourceController.uiConfiguration()
2018-06-26 09:27:58.215 [main] INFO  o.springframework.web.servlet.mvc.method.annotation.RequestMappingHandlerMapping - Mapped "{[/swagger-resources/configuration/security]}" onto public org.springframework.http.ResponseEntity<springfox.documentation.swagger.web.SecurityConfiguration> springfox.documentation.swagger.web.ApiResourceController.securityConfiguration()
2018-06-26 09:27:58.221 [main] INFO  o.springframework.web.servlet.mvc.method.annotation.RequestMappingHandlerMapping - Mapped "{[/error]}" onto public org.springframework.http.ResponseEntity<java.util.Map<java.lang.String, java.lang.Object>> org.springframework.boot.autoconfigure.web.servlet.error.BasicErrorController.error(javax.servlet.http.HttpServletRequest)
2018-06-26 09:27:58.222 [main] INFO  o.springframework.web.servlet.mvc.method.annotation.RequestMappingHandlerMapping - Mapped "{[/error],produces=[text/html]}" onto public org.springframework.web.servlet.ModelAndView org.springframework.boot.autoconfigure.web.servlet.error.BasicErrorController.errorHtml(javax.servlet.http.HttpServletRequest,javax.servlet.http.HttpServletResponse)
2018-06-26 09:27:58.390 [main] INFO  springfox.documentation.spring.web.PropertySourcedRequestMappingHandlerMapping - Mapped URL path [/v2/api-docs] onto method [public org.springframework.http.ResponseEntity<springfox.documentation.spring.web.json.Json> springfox.documentation.swagger2.web.Swagger2Controller.getDocumentation(java.lang.String,javax.servlet.http.HttpServletRequest)]
2018-06-26 09:27:58.506 [main] INFO  org.springframework.web.servlet.handler.SimpleUrlHandlerMapping - Mapped URL path [/**/favicon.ico] onto handler of type [class org.springframework.web.servlet.resource.ResourceHttpRequestHandler]
2018-06-26 09:27:58.707 [main] INFO  o.springframework.web.servlet.mvc.method.annotation.RequestMappingHandlerAdapter - Looking for @ControllerAdvice: org.springframework.boot.web.servlet.context.AnnotationConfigServletWebServerApplicationContext@139982de: startup date [Tue Jun 26 09:27:54 CST 2018]; root of context hierarchy
2018-06-26 09:27:58.780 [main] INFO  org.springframework.web.servlet.handler.SimpleUrlHandlerMapping - Mapped URL path [/webjars/**] onto handler of type [class org.springframework.web.servlet.resource.ResourceHttpRequestHandler]
2018-06-26 09:27:58.780 [main] INFO  org.springframework.web.servlet.handler.SimpleUrlHandlerMapping - Mapped URL path [/**] onto handler of type [class org.springframework.web.servlet.resource.ResourceHttpRequestHandler]
2018-06-26 09:27:59.125 [main] INFO  org.springframework.jmx.export.annotation.AnnotationMBeanExporter - Registering beans for JMX exposure on startup
2018-06-26 09:27:59.128 [main] INFO  org.springframework.jmx.export.annotation.AnnotationMBeanExporter - Bean with name 'dataSource' has been autodetected for JMX exposure
2018-06-26 09:27:59.136 [main] INFO  org.springframework.jmx.export.annotation.AnnotationMBeanExporter - Located MBean 'dataSource': registering with JMX server as MBean [com.zaxxer.hikari:name=dataSource,type=HikariDataSource]
2018-06-26 09:27:59.143 [main] INFO  org.springframework.context.support.DefaultLifecycleProcessor - Starting beans in phase 2147483647
2018-06-26 09:27:59.143 [main] INFO  springfox.documentation.spring.web.plugins.DocumentationPluginsBootstrapper - Context refreshed
2018-06-26 09:27:59.171 [main] INFO  springfox.documentation.spring.web.plugins.DocumentationPluginsBootstrapper - Found 1 custom documentation plugin(s)
2018-06-26 09:27:59.217 [main] INFO  springfox.documentation.spring.web.scanners.ApiListingReferenceScanner - Scanning for api listing references
2018-06-26 09:27:59.540 [main] INFO  org.springframework.boot.web.embedded.tomcat.TomcatWebServer - Tomcat started on port(s): 8899 (http) with context path ''
2018-06-26 09:27:59.546 [main] INFO  com.course.Application - Started Application in 5.797 seconds (JVM running for 7.982)
2018-06-26 09:28:49.695 [http-nio-8899-exec-1] INFO  org.apache.catalina.core.ContainerBase.[Tomcat].[localhost].[/] - Initializing Spring FrameworkServlet 'dispatcherServlet'
2018-06-26 09:28:49.695 [http-nio-8899-exec-1] INFO  org.springframework.web.servlet.DispatcherServlet - FrameworkServlet 'dispatcherServlet': initialization started
2018-06-26 09:28:49.724 [http-nio-8899-exec-1] INFO  org.springframework.web.servlet.DispatcherServlet - FrameworkServlet 'dispatcherServlet': initialization completed in 29 ms
2018-06-26 09:28:49.849 [http-nio-8899-exec-1] INFO  com.zaxxer.hikari.HikariDataSource - HikariPool-1 - Starting...
2018-06-26 09:28:49.851 [http-nio-8899-exec-1] WARN  com.zaxxer.hikari.util.DriverDataSource - Registered driver with driverClassName=com.mysql.jdbc.Driver was not found, trying direct instantiation.
2018-06-26 09:28:50.929 [http-nio-8899-exec-1] INFO  com.zaxxer.hikari.HikariDataSource - HikariPool-1 - Start completed.
2018-06-26 09:28:51.046 [http-nio-8899-exec-1] INFO  com.course.controller.UserManage - zhangsan,登录成功，身份是:用户！
2018-06-26 09:28:51.768 [http-nio-8899-exec-3] INFO  com.course.controller.UserManage - 登陆失败!使用用户名：lisi	密码：lisi
2018-06-26 09:28:52.420 [http-nio-8899-exec-2] INFO  com.course.controller.UserManage - wangwu,登录成功，身份是：管理员!
2018-06-26 09:28:52.987 [http-nio-8899-exec-5] INFO  com.course.controller.UserManage - 
{id:0,
userName:zhao9,
age:35,
sex:0,
permission:null,
isDelete:null}

2018-06-26 09:28:53.170 [http-nio-8899-exec-5] INFO  org.springframework.beans.factory.xml.XmlBeanDefinitionReader - Loading XML bean definitions from class path resource [org/springframework/jdbc/support/sql-error-codes.xml]
2018-06-26 09:28:53.223 [http-nio-8899-exec-5] INFO  org.springframework.jdbc.support.SQLErrorCodesFactory - SQLErrorCodes loaded: [DB2, Derby, H2, HDB, HSQL, Informix, MS-SQL, MySQL, Oracle, PostgreSQL, Sybase]
2018-06-26 09:28:53.228 [http-nio-8899-exec-5] INFO  com.course.controller.UserManage - 注册失败,用户名已存在！
2018-06-26 09:28:54.861 [http-nio-8899-exec-4] INFO  com.course.controller.UserManage - userName:wangwu
2018-06-26 09:28:54.862 [http-nio-8899-exec-4] INFO  com.course.controller.UserManage - 开始执行sql语句用户名：zhao9
2018-06-26 09:28:55.015 [http-nio-8899-exec-4] INFO  com.course.controller.UserManage - zhao9用户删除成功！
2018-06-26 09:30:56.911 [http-nio-8899-exec-7] INFO  com.course.controller.UserManage - zhangsan,登录成功，身份是:用户！
2018-06-26 09:30:57.598 [http-nio-8899-exec-8] INFO  com.course.controller.UserManage - 登陆失败!使用用户名：lisi	密码：lisi
2018-06-26 09:30:58.251 [http-nio-8899-exec-9] INFO  com.course.controller.UserManage - wangwu,登录成功，身份是：管理员!
2018-06-26 09:30:58.807 [http-nio-8899-exec-10] INFO  com.course.controller.UserManage - 
{id:0,
userName:zhao9,
age:35,
sex:0,
permission:null,
isDelete:null}

2018-06-26 09:30:58.961 [http-nio-8899-exec-10] INFO  com.course.controller.UserManage - 注册成功
2018-06-26 09:31:00.599 [http-nio-8899-exec-1] INFO  com.course.controller.UserManage - userName:wangwu
2018-06-26 09:31:00.599 [http-nio-8899-exec-1] INFO  com.course.controller.UserManage - 开始执行sql语句用户名：zhao9
2018-06-26 09:31:00.754 [http-nio-8899-exec-1] INFO  com.course.controller.UserManage - zhao9用户删除成功！
2018-06-26 09:34:50.339 [http-nio-8899-exec-2] INFO  com.course.controller.UserManage - zhangsan,登录成功，身份是:用户！
2018-06-26 09:34:51.043 [http-nio-8899-exec-5] INFO  com.course.controller.UserManage - 登陆失败!使用用户名：lisi	密码：lisi
2018-06-26 09:34:51.698 [http-nio-8899-exec-4] INFO  com.course.controller.UserManage - wangwu,登录成功，身份是：管理员!
2018-06-26 09:34:52.273 [http-nio-8899-exec-6] INFO  com.course.controller.UserManage - 
{id:0,
userName:zhao9,
age:35,
sex:0,
permission:null,
isDelete:null}

2018-06-26 09:34:52.430 [http-nio-8899-exec-6] INFO  com.course.controller.UserManage - 注册失败,用户名已存在！
2018-06-26 09:34:53.559 [http-nio-8899-exec-7] INFO  com.course.controller.UserManage - userName:wangwu
2018-06-26 09:34:53.559 [http-nio-8899-exec-7] INFO  com.course.controller.UserManage - 开始执行sql语句用户名：zhangsan
2018-06-26 09:34:53.716 [http-nio-8899-exec-7] INFO  com.course.controller.UserManage - zhangsan用户删除成功！
2018-06-26 09:34:54.279 [http-nio-8899-exec-8] INFO  com.course.controller.UserManage - userName:wangwu
2018-06-26 09:34:54.279 [http-nio-8899-exec-8] INFO  com.course.controller.UserManage - 开始执行sql语句用户名：zhao9
2018-06-26 09:34:54.433 [http-nio-8899-exec-8] INFO  com.course.controller.UserManage - zhao9用户删除成功！
2018-06-26 09:42:59.154 [main] INFO  com.course.Application - Starting Application on Damon with PID 15244 (D:\Desktop\AutoTest\AutoTest\UserManage\target\classes started by damon in D:\Desktop\AutoTest\AutoTest)
2018-06-26 09:42:59.161 [main] INFO  com.course.Application - No active profile set, falling back to default profiles: default
2018-06-26 09:42:59.277 [main] INFO  o.s.boot.web.servlet.context.AnnotationConfigServletWebServerApplicationContext - Refreshing org.springframework.boot.web.servlet.context.AnnotationConfigServletWebServerApplicationContext@139982de: startup date [Tue Jun 26 09:42:59 CST 2018]; root of context hierarchy
2018-06-26 09:43:00.436 [main] WARN  org.mybatis.spring.mapper.ClassPathMapperScanner - No MyBatis mapper was found in '[com.course]' package. Please check your configuration.
2018-06-26 09:43:00.901 [main] INFO  o.s.context.support.PostProcessorRegistrationDelegate$BeanPostProcessorChecker - Bean 'org.springframework.transaction.annotation.ProxyTransactionManagementConfiguration' of type [org.springframework.transaction.annotation.ProxyTransactionManagementConfiguration$$EnhancerBySpringCGLIB$$d96c286e] is not eligible for getting processed by all BeanPostProcessors (for example: not eligible for auto-proxying)
2018-06-26 09:43:01.287 [main] INFO  org.springframework.boot.web.embedded.tomcat.TomcatWebServer - Tomcat initialized with port(s): 8899 (http)
2018-06-26 09:43:01.314 [main] INFO  org.apache.catalina.core.StandardService - Starting service [Tomcat]
2018-06-26 09:43:01.315 [main] INFO  org.apache.catalina.core.StandardEngine - Starting Servlet Engine: Apache Tomcat/8.5.31
2018-06-26 09:43:01.321 [localhost-startStop-1] INFO  org.apache.catalina.core.AprLifecycleListener - The APR based Apache Tomcat Native library which allows optimal performance in production environments was not found on the java.library.path: [D:\Program Files\Java\jdk1.8.0_161\bin;C:\WINDOWS\Sun\Java\bin;C:\WINDOWS\system32;C:\WINDOWS;C:\Program Files (x86)\Intel\iCLS Client\;C:\Program Files\Intel\iCLS Client\;D:\Program Files\Java\jdk1.8.0_161\jre\bin;D:\Program Files\Java\jdk1.8.0_161\bin;C:\WINDOWS\system32;C:\WINDOWS;C:\WINDOWS\System32\Wbem;C:\WINDOWS\System32\WindowsPowerShell\v1.0\;C:\Program Files (x86)\Intel\Intel(R) Management Engine Components\DAL;C:\Program Files\Intel\Intel(R) Management Engine Components\DAL;C:\Program Files (x86)\Intel\Intel(R) Management Engine Components\IPT;C:\Program Files\Intel\Intel(R) Management Engine Components\IPT;D:\android-sdk-windows\tools;D:\android-sdk-windows\platform-tools;d:\Program Files (x86)\Git\cmd;C:\WINDOWS\System32\OpenSSH\;D:\apache-maven-3.5.3\bin;C:\Users\damon\AppData\Local\Programs\Python\Python36-32\Scripts\;C:\Users\damon\AppData\Local\Programs\Python\Python36-32\;C:\Users\damon\AppData\Local\Microsoft\WindowsApps;;.]
2018-06-26 09:43:01.486 [localhost-startStop-1] INFO  org.apache.catalina.core.ContainerBase.[Tomcat].[localhost].[/] - Initializing Spring embedded WebApplicationContext
2018-06-26 09:43:01.486 [localhost-startStop-1] INFO  org.springframework.web.context.ContextLoader - Root WebApplicationContext: initialization completed in 2209 ms
2018-06-26 09:43:01.681 [localhost-startStop-1] INFO  org.springframework.boot.web.servlet.ServletRegistrationBean - Servlet dispatcherServlet mapped to [/]
2018-06-26 09:43:01.688 [localhost-startStop-1] INFO  org.springframework.boot.web.servlet.FilterRegistrationBean - Mapping filter: 'characterEncodingFilter' to: [/*]
2018-06-26 09:43:01.689 [localhost-startStop-1] INFO  org.springframework.boot.web.servlet.FilterRegistrationBean - Mapping filter: 'hiddenHttpMethodFilter' to: [/*]
2018-06-26 09:43:01.689 [localhost-startStop-1] INFO  org.springframework.boot.web.servlet.FilterRegistrationBean - Mapping filter: 'httpPutFormContentFilter' to: [/*]
2018-06-26 09:43:01.689 [localhost-startStop-1] INFO  org.springframework.boot.web.servlet.FilterRegistrationBean - Mapping filter: 'requestContextFilter' to: [/*]
2018-06-26 09:43:02.663 [main] INFO  o.springframework.web.servlet.mvc.method.annotation.RequestMappingHandlerMapping - Mapped "{[/v1/getUserInfo],methods=[POST]}" onto public java.util.List<com.course.model.User> com.course.controller.UserManage.getUserInfo(com.course.model.User,javax.servlet.http.HttpServletRequest)
2018-06-26 09:43:02.664 [main] INFO  o.springframework.web.servlet.mvc.method.annotation.RequestMappingHandlerMapping - Mapped "{[/v1/login],methods=[POST]}" onto public java.lang.Boolean com.course.controller.UserManage.login(com.course.model.User,javax.servlet.http.HttpServletResponse)
2018-06-26 09:43:02.664 [main] INFO  o.springframework.web.servlet.mvc.method.annotation.RequestMappingHandlerMapping - Mapped "{[/v1/updateUserInfo],methods=[POST]}" onto public boolean com.course.controller.UserManage.updateUserInfo(com.course.model.User,javax.servlet.http.HttpServletRequest)
2018-06-26 09:43:02.665 [main] INFO  o.springframework.web.servlet.mvc.method.annotation.RequestMappingHandlerMapping - Mapped "{[/v1/signIn],methods=[POST]}" onto public java.lang.Boolean com.course.controller.UserManage.addUser(com.course.model.User)
2018-06-26 09:43:02.665 [main] INFO  o.springframework.web.servlet.mvc.method.annotation.RequestMappingHandlerMapping - Mapped "{[/v1/deleteUser],methods=[POST]}" onto public boolean com.course.controller.UserManage.deleteUser(com.course.model.User,javax.servlet.http.HttpServletRequest)
2018-06-26 09:43:02.673 [main] INFO  o.springframework.web.servlet.mvc.method.annotation.RequestMappingHandlerMapping - Mapped "{[/swagger-resources/configuration/ui]}" onto public org.springframework.http.ResponseEntity<springfox.documentation.swagger.web.UiConfiguration> springfox.documentation.swagger.web.ApiResourceController.uiConfiguration()
2018-06-26 09:43:02.674 [main] INFO  o.springframework.web.servlet.mvc.method.annotation.RequestMappingHandlerMapping - Mapped "{[/swagger-resources]}" onto public org.springframework.http.ResponseEntity<java.util.List<springfox.documentation.swagger.web.SwaggerResource>> springfox.documentation.swagger.web.ApiResourceController.swaggerResources()
2018-06-26 09:43:02.675 [main] INFO  o.springframework.web.servlet.mvc.method.annotation.RequestMappingHandlerMapping - Mapped "{[/swagger-resources/configuration/security]}" onto public org.springframework.http.ResponseEntity<springfox.documentation.swagger.web.SecurityConfiguration> springfox.documentation.swagger.web.ApiResourceController.securityConfiguration()
2018-06-26 09:43:02.680 [main] INFO  o.springframework.web.servlet.mvc.method.annotation.RequestMappingHandlerMapping - Mapped "{[/error]}" onto public org.springframework.http.ResponseEntity<java.util.Map<java.lang.String, java.lang.Object>> org.springframework.boot.autoconfigure.web.servlet.error.BasicErrorController.error(javax.servlet.http.HttpServletRequest)
2018-06-26 09:43:02.681 [main] INFO  o.springframework.web.servlet.mvc.method.annotation.RequestMappingHandlerMapping - Mapped "{[/error],produces=[text/html]}" onto public org.springframework.web.servlet.ModelAndView org.springframework.boot.autoconfigure.web.servlet.error.BasicErrorController.errorHtml(javax.servlet.http.HttpServletRequest,javax.servlet.http.HttpServletResponse)
2018-06-26 09:43:02.856 [main] INFO  springfox.documentation.spring.web.PropertySourcedRequestMappingHandlerMapping - Mapped URL path [/v2/api-docs] onto method [public org.springframework.http.ResponseEntity<springfox.documentation.spring.web.json.Json> springfox.documentation.swagger2.web.Swagger2Controller.getDocumentation(java.lang.String,javax.servlet.http.HttpServletRequest)]
2018-06-26 09:43:02.971 [main] INFO  org.springframework.web.servlet.handler.SimpleUrlHandlerMapping - Mapped URL path [/**/favicon.ico] onto handler of type [class org.springframework.web.servlet.resource.ResourceHttpRequestHandler]
2018-06-26 09:43:03.165 [main] INFO  o.springframework.web.servlet.mvc.method.annotation.RequestMappingHandlerAdapter - Looking for @ControllerAdvice: org.springframework.boot.web.servlet.context.AnnotationConfigServletWebServerApplicationContext@139982de: startup date [Tue Jun 26 09:42:59 CST 2018]; root of context hierarchy
2018-06-26 09:43:03.233 [main] INFO  org.springframework.web.servlet.handler.SimpleUrlHandlerMapping - Mapped URL path [/webjars/**] onto handler of type [class org.springframework.web.servlet.resource.ResourceHttpRequestHandler]
2018-06-26 09:43:03.233 [main] INFO  org.springframework.web.servlet.handler.SimpleUrlHandlerMapping - Mapped URL path [/**] onto handler of type [class org.springframework.web.servlet.resource.ResourceHttpRequestHandler]
2018-06-26 09:43:03.586 [main] INFO  org.springframework.jmx.export.annotation.AnnotationMBeanExporter - Registering beans for JMX exposure on startup
2018-06-26 09:43:03.589 [main] INFO  org.springframework.jmx.export.annotation.AnnotationMBeanExporter - Bean with name 'dataSource' has been autodetected for JMX exposure
2018-06-26 09:43:03.597 [main] INFO  org.springframework.jmx.export.annotation.AnnotationMBeanExporter - Located MBean 'dataSource': registering with JMX server as MBean [com.zaxxer.hikari:name=dataSource,type=HikariDataSource]
2018-06-26 09:43:03.603 [main] INFO  org.springframework.context.support.DefaultLifecycleProcessor - Starting beans in phase 2147483647
2018-06-26 09:43:03.604 [main] INFO  springfox.documentation.spring.web.plugins.DocumentationPluginsBootstrapper - Context refreshed
2018-06-26 09:43:03.628 [main] INFO  springfox.documentation.spring.web.plugins.DocumentationPluginsBootstrapper - Found 1 custom documentation plugin(s)
2018-06-26 09:43:03.669 [main] INFO  springfox.documentation.spring.web.scanners.ApiListingReferenceScanner - Scanning for api listing references
2018-06-26 09:43:03.977 [main] INFO  org.springframework.boot.web.embedded.tomcat.TomcatWebServer - Tomcat started on port(s): 8899 (http) with context path ''
2018-06-26 09:43:03.984 [main] INFO  com.course.Application - Started Application in 5.474 seconds (JVM running for 7.202)
2018-06-26 09:43:23.548 [http-nio-8899-exec-1] INFO  org.apache.catalina.core.ContainerBase.[Tomcat].[localhost].[/] - Initializing Spring FrameworkServlet 'dispatcherServlet'
2018-06-26 09:43:23.548 [http-nio-8899-exec-1] INFO  org.springframework.web.servlet.DispatcherServlet - FrameworkServlet 'dispatcherServlet': initialization started
2018-06-26 09:43:23.578 [http-nio-8899-exec-1] INFO  org.springframework.web.servlet.DispatcherServlet - FrameworkServlet 'dispatcherServlet': initialization completed in 30 ms
2018-06-26 09:43:23.691 [http-nio-8899-exec-1] INFO  com.zaxxer.hikari.HikariDataSource - HikariPool-1 - Starting...
2018-06-26 09:43:23.692 [http-nio-8899-exec-1] WARN  com.zaxxer.hikari.util.DriverDataSource - Registered driver with driverClassName=com.mysql.jdbc.Driver was not found, trying direct instantiation.
2018-06-26 09:43:24.735 [http-nio-8899-exec-1] INFO  com.zaxxer.hikari.HikariDataSource - HikariPool-1 - Start completed.
2018-06-26 09:43:24.844 [http-nio-8899-exec-1] INFO  com.course.controller.UserManage - zhangsan,登录成功，身份是:用户！
2018-06-26 09:43:25.567 [http-nio-8899-exec-3] INFO  com.course.controller.UserManage - 登陆失败!使用用户名：lisi	密码：lisi
2018-06-26 09:43:26.218 [http-nio-8899-exec-2] INFO  com.course.controller.UserManage - wangwu,登录成功，身份是：管理员!
2018-06-26 09:43:26.781 [http-nio-8899-exec-4] INFO  com.course.controller.UserManage - 
{id:0,
userName:zhao9,
age:35,
sex:0,
permission:null,
isDelete:null}

2018-06-26 09:43:26.961 [http-nio-8899-exec-4] INFO  org.springframework.beans.factory.xml.XmlBeanDefinitionReader - Loading XML bean definitions from class path resource [org/springframework/jdbc/support/sql-error-codes.xml]
2018-06-26 09:43:27.013 [http-nio-8899-exec-4] INFO  org.springframework.jdbc.support.SQLErrorCodesFactory - SQLErrorCodes loaded: [DB2, Derby, H2, HDB, HSQL, Informix, MS-SQL, MySQL, Oracle, PostgreSQL, Sybase]
2018-06-26 09:43:27.017 [http-nio-8899-exec-4] INFO  com.course.controller.UserManage - 注册失败,用户名已存在！
2018-06-26 09:43:28.111 [http-nio-8899-exec-5] INFO  com.course.controller.UserManage - userName:wangwu
2018-06-26 09:43:28.320 [http-nio-8899-exec-5] ERROR o.a.catalina.core.ContainerBase.[Tomcat].[localhost].[/].[dispatcherServlet] - Servlet.service() for servlet [dispatcherServlet] in context with path [] threw exception [Request processing failed; nested exception is org.springframework.jdbc.BadSqlGrammarException: 
### Error updating database.  Cause: java.sql.SQLSyntaxErrorException: You have an error in your SQL syntax; check the manual that corresponds to your MySQL server version for the right syntax to use near 'WHERE userName='zhangsan'' at line 3
### The error may involve com.course.updateUserInfo-Inline
### The error occurred while setting parameters
### SQL: update user                    WHERE userName=?;
### Cause: java.sql.SQLSyntaxErrorException: You have an error in your SQL syntax; check the manual that corresponds to your MySQL server version for the right syntax to use near 'WHERE userName='zhangsan'' at line 3
; bad SQL grammar []; nested exception is java.sql.SQLSyntaxErrorException: You have an error in your SQL syntax; check the manual that corresponds to your MySQL server version for the right syntax to use near 'WHERE userName='zhangsan'' at line 3] with root cause
java.sql.SQLSyntaxErrorException: You have an error in your SQL syntax; check the manual that corresponds to your MySQL server version for the right syntax to use near 'WHERE userName='zhangsan'' at line 3
	at com.mysql.cj.jdbc.exceptions.SQLError.createSQLException(SQLError.java:118)
	at com.mysql.cj.jdbc.exceptions.SQLError.createSQLException(SQLError.java:95)
	at com.mysql.cj.jdbc.exceptions.SQLExceptionsMapping.translateException(SQLExceptionsMapping.java:122)
	at com.mysql.cj.jdbc.ClientPreparedStatement.executeInternal(ClientPreparedStatement.java:960)
	at com.mysql.cj.jdbc.ClientPreparedStatement.execute(ClientPreparedStatement.java:388)
	at com.zaxxer.hikari.pool.ProxyPreparedStatement.execute(ProxyPreparedStatement.java:44)
	at com.zaxxer.hikari.pool.HikariProxyPreparedStatement.execute(HikariProxyPreparedStatement.java)
	at org.apache.ibatis.executor.statement.PreparedStatementHandler.update(PreparedStatementHandler.java:46)
	at org.apache.ibatis.executor.statement.RoutingStatementHandler.update(RoutingStatementHandler.java:74)
	at org.apache.ibatis.executor.SimpleExecutor.doUpdate(SimpleExecutor.java:50)
	at org.apache.ibatis.executor.BaseExecutor.update(BaseExecutor.java:117)
	at org.apache.ibatis.executor.CachingExecutor.update(CachingExecutor.java:76)
	at org.apache.ibatis.session.defaults.DefaultSqlSession.update(DefaultSqlSession.java:198)
	at sun.reflect.NativeMethodAccessorImpl.invoke0(Native Method)
	at sun.reflect.NativeMethodAccessorImpl.invoke(NativeMethodAccessorImpl.java:62)
	at sun.reflect.DelegatingMethodAccessorImpl.invoke(DelegatingMethodAccessorImpl.java:43)
	at java.lang.reflect.Method.invoke(Method.java:498)
	at org.mybatis.spring.SqlSessionTemplate$SqlSessionInterceptor.invoke(SqlSessionTemplate.java:433)
	at com.sun.proxy.$Proxy70.update(Unknown Source)
	at org.mybatis.spring.SqlSessionTemplate.update(SqlSessionTemplate.java:294)
	at com.course.controller.UserManage.updateUserInfo(UserManage.java:93)
	at sun.reflect.NativeMethodAccessorImpl.invoke0(Native Method)
	at sun.reflect.NativeMethodAccessorImpl.invoke(NativeMethodAccessorImpl.java:62)
	at sun.reflect.DelegatingMethodAccessorImpl.invoke(DelegatingMethodAccessorImpl.java:43)
	at java.lang.reflect.Method.invoke(Method.java:498)
	at org.springframework.web.method.support.InvocableHandlerMethod.doInvoke(InvocableHandlerMethod.java:209)
	at org.springframework.web.method.support.InvocableHandlerMethod.invokeForRequest(InvocableHandlerMethod.java:136)
	at org.springframework.web.servlet.mvc.method.annotation.ServletInvocableHandlerMethod.invokeAndHandle(ServletInvocableHandlerMethod.java:102)
	at org.springframework.web.servlet.mvc.method.annotation.RequestMappingHandlerAdapter.invokeHandlerMethod(RequestMappingHandlerAdapter.java:877)
	at org.springframework.web.servlet.mvc.method.annotation.RequestMappingHandlerAdapter.handleInternal(RequestMappingHandlerAdapter.java:783)
	at org.springframework.web.servlet.mvc.method.AbstractHandlerMethodAdapter.handle(AbstractHandlerMethodAdapter.java:87)
	at org.springframework.web.servlet.DispatcherServlet.doDispatch(DispatcherServlet.java:991)
	at org.springframework.web.servlet.DispatcherServlet.doService(DispatcherServlet.java:925)
	at org.springframework.web.servlet.FrameworkServlet.processRequest(FrameworkServlet.java:974)
	at org.springframework.web.servlet.FrameworkServlet.doPost(FrameworkServlet.java:877)
	at javax.servlet.http.HttpServlet.service(HttpServlet.java:661)
	at org.springframework.web.servlet.FrameworkServlet.service(FrameworkServlet.java:851)
	at javax.servlet.http.HttpServlet.service(HttpServlet.java:742)
	at org.apache.catalina.core.ApplicationFilterChain.internalDoFilter(ApplicationFilterChain.java:231)
	at org.apache.catalina.core.ApplicationFilterChain.doFilter(ApplicationFilterChain.java:166)
	at org.apache.tomcat.websocket.server.WsFilter.doFilter(WsFilter.java:52)
	at org.apache.catalina.core.ApplicationFilterChain.internalDoFilter(ApplicationFilterChain.java:193)
	at org.apache.catalina.core.ApplicationFilterChain.doFilter(ApplicationFilterChain.java:166)
	at org.springframework.web.filter.RequestContextFilter.doFilterInternal(RequestContextFilter.java:99)
	at org.springframework.web.filter.OncePerRequestFilter.doFilter(OncePerRequestFilter.java:107)
	at org.apache.catalina.core.ApplicationFilterChain.internalDoFilter(ApplicationFilterChain.java:193)
	at org.apache.catalina.core.ApplicationFilterChain.doFilter(ApplicationFilterChain.java:166)
	at org.springframework.web.filter.HttpPutFormContentFilter.doFilterInternal(HttpPutFormContentFilter.java:109)
	at org.springframework.web.filter.OncePerRequestFilter.doFilter(OncePerRequestFilter.java:107)
	at org.apache.catalina.core.ApplicationFilterChain.internalDoFilter(ApplicationFilterChain.java:193)
	at org.apache.catalina.core.ApplicationFilterChain.doFilter(ApplicationFilterChain.java:166)
	at org.springframework.web.filter.HiddenHttpMethodFilter.doFilterInternal(HiddenHttpMethodFilter.java:81)
	at org.springframework.web.filter.OncePerRequestFilter.doFilter(OncePerRequestFilter.java:107)
	at org.apache.catalina.core.ApplicationFilterChain.internalDoFilter(ApplicationFilterChain.java:193)
	at org.apache.catalina.core.ApplicationFilterChain.doFilter(ApplicationFilterChain.java:166)
	at org.springframework.web.filter.CharacterEncodingFilter.doFilterInternal(CharacterEncodingFilter.java:200)
	at org.springframework.web.filter.OncePerRequestFilter.doFilter(OncePerRequestFilter.java:107)
	at org.apache.catalina.core.ApplicationFilterChain.internalDoFilter(ApplicationFilterChain.java:193)
	at org.apache.catalina.core.ApplicationFilterChain.doFilter(ApplicationFilterChain.java:166)
	at org.apache.catalina.core.StandardWrapperValve.invoke(StandardWrapperValve.java:198)
	at org.apache.catalina.core.StandardContextValve.invoke(StandardContextValve.java:96)
	at org.apache.catalina.authenticator.AuthenticatorBase.invoke(AuthenticatorBase.java:496)
	at org.apache.catalina.core.StandardHostValve.invoke(StandardHostValve.java:140)
	at org.apache.catalina.valves.ErrorReportValve.invoke(ErrorReportValve.java:81)
	at org.apache.catalina.core.StandardEngineValve.invoke(StandardEngineValve.java:87)
	at org.apache.catalina.connector.CoyoteAdapter.service(CoyoteAdapter.java:342)
	at org.apache.coyote.http11.Http11Processor.service(Http11Processor.java:803)
	at org.apache.coyote.AbstractProcessorLight.process(AbstractProcessorLight.java:66)
	at org.apache.coyote.AbstractProtocol$ConnectionHandler.process(AbstractProtocol.java:790)
	at org.apache.tomcat.util.net.NioEndpoint$SocketProcessor.doRun(NioEndpoint.java:1468)
	at org.apache.tomcat.util.net.SocketProcessorBase.run(SocketProcessorBase.java:49)
	at java.util.concurrent.ThreadPoolExecutor.runWorker(ThreadPoolExecutor.java:1149)
	at java.util.concurrent.ThreadPoolExecutor$Worker.run(ThreadPoolExecutor.java:624)
	at org.apache.tomcat.util.threads.TaskThread$WrappingRunnable.run(TaskThread.java:61)
	at java.lang.Thread.run(Thread.java:748)
2018-06-26 09:43:28.931 [http-nio-8899-exec-6] INFO  com.course.controller.UserManage - userName:wangwu
2018-06-26 09:43:28.931 [http-nio-8899-exec-6] INFO  com.course.controller.UserManage - 开始执行删除用户sql语句当前用户名：zhao9
2018-06-26 09:43:29.087 [http-nio-8899-exec-6] INFO  com.course.controller.UserManage - zhao9用户删除成功！
2018-06-26 09:51:02.576 [http-nio-8899-exec-8] INFO  com.course.controller.UserManage - zhangsan,登录成功，身份是:用户！
2018-06-26 09:51:03.264 [http-nio-8899-exec-9] INFO  com.course.controller.UserManage - 登陆失败!使用用户名：lisi	密码：lisi
2018-06-26 09:51:03.921 [http-nio-8899-exec-10] INFO  com.course.controller.UserManage - wangwu,登录成功，身份是：管理员!
2018-06-26 09:51:04.466 [http-nio-8899-exec-1] INFO  com.course.controller.UserManage - 
{id:0,
userName:zhao9,
age:35,
sex:0,
permission:null,
isDelete:null}

2018-06-26 09:51:04.631 [http-nio-8899-exec-1] INFO  com.course.controller.UserManage - 注册失败,用户名已存在！
2018-06-26 09:51:05.743 [http-nio-8899-exec-3] INFO  com.course.controller.UserManage - userName:wangwu
2018-06-26 09:51:05.745 [http-nio-8899-exec-3] ERROR o.a.catalina.core.ContainerBase.[Tomcat].[localhost].[/].[dispatcherServlet] - Servlet.service() for servlet [dispatcherServlet] in context with path [] threw exception [Request processing failed; nested exception is java.lang.NullPointerException] with root cause
java.lang.NullPointerException: null
	at com.course.controller.UserManage.updateUserInfo(UserManage.java:76)
	at sun.reflect.NativeMethodAccessorImpl.invoke0(Native Method)
	at sun.reflect.NativeMethodAccessorImpl.invoke(NativeMethodAccessorImpl.java:62)
	at sun.reflect.DelegatingMethodAccessorImpl.invoke(DelegatingMethodAccessorImpl.java:43)
	at java.lang.reflect.Method.invoke(Method.java:498)
	at org.springframework.web.method.support.InvocableHandlerMethod.doInvoke(InvocableHandlerMethod.java:209)
	at org.springframework.web.method.support.InvocableHandlerMethod.invokeForRequest(InvocableHandlerMethod.java:136)
	at org.springframework.web.servlet.mvc.method.annotation.ServletInvocableHandlerMethod.invokeAndHandle(ServletInvocableHandlerMethod.java:102)
	at org.springframework.web.servlet.mvc.method.annotation.RequestMappingHandlerAdapter.invokeHandlerMethod(RequestMappingHandlerAdapter.java:877)
	at org.springframework.web.servlet.mvc.method.annotation.RequestMappingHandlerAdapter.handleInternal(RequestMappingHandlerAdapter.java:783)
	at org.springframework.web.servlet.mvc.method.AbstractHandlerMethodAdapter.handle(AbstractHandlerMethodAdapter.java:87)
	at org.springframework.web.servlet.DispatcherServlet.doDispatch(DispatcherServlet.java:991)
	at org.springframework.web.servlet.DispatcherServlet.doService(DispatcherServlet.java:925)
	at org.springframework.web.servlet.FrameworkServlet.processRequest(FrameworkServlet.java:974)
	at org.springframework.web.servlet.FrameworkServlet.doPost(FrameworkServlet.java:877)
	at javax.servlet.http.HttpServlet.service(HttpServlet.java:661)
	at org.springframework.web.servlet.FrameworkServlet.service(FrameworkServlet.java:851)
	at javax.servlet.http.HttpServlet.service(HttpServlet.java:742)
	at org.apache.catalina.core.ApplicationFilterChain.internalDoFilter(ApplicationFilterChain.java:231)
	at org.apache.catalina.core.ApplicationFilterChain.doFilter(ApplicationFilterChain.java:166)
	at org.apache.tomcat.websocket.server.WsFilter.doFilter(WsFilter.java:52)
	at org.apache.catalina.core.ApplicationFilterChain.internalDoFilter(ApplicationFilterChain.java:193)
	at org.apache.catalina.core.ApplicationFilterChain.doFilter(ApplicationFilterChain.java:166)
	at org.springframework.web.filter.RequestContextFilter.doFilterInternal(RequestContextFilter.java:99)
	at org.springframework.web.filter.OncePerRequestFilter.doFilter(OncePerRequestFilter.java:107)
	at org.apache.catalina.core.ApplicationFilterChain.internalDoFilter(ApplicationFilterChain.java:193)
	at org.apache.catalina.core.ApplicationFilterChain.doFilter(ApplicationFilterChain.java:166)
	at org.springframework.web.filter.HttpPutFormContentFilter.doFilterInternal(HttpPutFormContentFilter.java:109)
	at org.springframework.web.filter.OncePerRequestFilter.doFilter(OncePerRequestFilter.java:107)
	at org.apache.catalina.core.ApplicationFilterChain.internalDoFilter(ApplicationFilterChain.java:193)
	at org.apache.catalina.core.ApplicationFilterChain.doFilter(ApplicationFilterChain.java:166)
	at org.springframework.web.filter.HiddenHttpMethodFilter.doFilterInternal(HiddenHttpMethodFilter.java:81)
	at org.springframework.web.filter.OncePerRequestFilter.doFilter(OncePerRequestFilter.java:107)
	at org.apache.catalina.core.ApplicationFilterChain.internalDoFilter(ApplicationFilterChain.java:193)
	at org.apache.catalina.core.ApplicationFilterChain.doFilter(ApplicationFilterChain.java:166)
	at org.springframework.web.filter.CharacterEncodingFilter.doFilterInternal(CharacterEncodingFilter.java:200)
	at org.springframework.web.filter.OncePerRequestFilter.doFilter(OncePerRequestFilter.java:107)
	at org.apache.catalina.core.ApplicationFilterChain.internalDoFilter(ApplicationFilterChain.java:193)
	at org.apache.catalina.core.ApplicationFilterChain.doFilter(ApplicationFilterChain.java:166)
	at org.apache.catalina.core.StandardWrapperValve.invoke(StandardWrapperValve.java:198)
	at org.apache.catalina.core.StandardContextValve.invoke(StandardContextValve.java:96)
	at org.apache.catalina.authenticator.AuthenticatorBase.invoke(AuthenticatorBase.java:496)
	at org.apache.catalina.core.StandardHostValve.invoke(StandardHostValve.java:140)
	at org.apache.catalina.valves.ErrorReportValve.invoke(ErrorReportValve.java:81)
	at org.apache.catalina.core.StandardEngineValve.invoke(StandardEngineValve.java:87)
	at org.apache.catalina.connector.CoyoteAdapter.service(CoyoteAdapter.java:342)
	at org.apache.coyote.http11.Http11Processor.service(Http11Processor.java:803)
	at org.apache.coyote.AbstractProcessorLight.process(AbstractProcessorLight.java:66)
	at org.apache.coyote.AbstractProtocol$ConnectionHandler.process(AbstractProtocol.java:790)
	at org.apache.tomcat.util.net.NioEndpoint$SocketProcessor.doRun(NioEndpoint.java:1468)
	at org.apache.tomcat.util.net.SocketProcessorBase.run(SocketProcessorBase.java:49)
	at java.util.concurrent.ThreadPoolExecutor.runWorker(ThreadPoolExecutor.java:1149)
	at java.util.concurrent.ThreadPoolExecutor$Worker.run(ThreadPoolExecutor.java:624)
	at org.apache.tomcat.util.threads.TaskThread$WrappingRunnable.run(TaskThread.java:61)
	at java.lang.Thread.run(Thread.java:748)
2018-06-26 09:51:06.294 [http-nio-8899-exec-2] INFO  com.course.controller.UserManage - userName:wangwu
2018-06-26 09:51:06.294 [http-nio-8899-exec-2] INFO  com.course.controller.UserManage - 开始执行删除用户sql语句当前用户名：zhao9
2018-06-26 09:51:06.450 [http-nio-8899-exec-2] INFO  com.course.controller.UserManage - zhao9用户删除成功！
2018-06-26 09:52:22.221 [http-nio-8899-exec-5] INFO  com.course.controller.UserManage - zhangsan,登录成功，身份是:用户！
2018-06-26 09:52:22.925 [http-nio-8899-exec-6] INFO  com.course.controller.UserManage - 登陆失败!使用用户名：lisi	密码：lisi
2018-06-26 09:52:23.592 [http-nio-8899-exec-7] INFO  com.course.controller.UserManage - wangwu,登录成功，身份是：管理员!
2018-06-26 09:52:24.170 [http-nio-8899-exec-8] INFO  com.course.controller.UserManage - 
{id:0,
userName:zhao9,
age:35,
sex:0,
permission:null,
isDelete:null}

2018-06-26 09:52:24.331 [http-nio-8899-exec-8] INFO  com.course.controller.UserManage - 注册失败,用户名已存在！
2018-06-26 09:52:25.451 [http-nio-8899-exec-9] INFO  com.course.controller.UserManage - userName:wangwu
2018-06-26 09:52:25.610 [http-nio-8899-exec-9] INFO  com.course.controller.UserManage - wangwu将zhangsan的权限改成了null
2018-06-26 09:52:26.160 [http-nio-8899-exec-10] INFO  com.course.controller.UserManage - userName:wangwu
2018-06-26 09:52:26.160 [http-nio-8899-exec-10] INFO  com.course.controller.UserManage - 开始执行删除用户sql语句当前用户名：zhao9
2018-06-26 09:52:26.327 [http-nio-8899-exec-10] INFO  com.course.controller.UserManage - zhao9用户删除成功！
2018-06-26 10:36:45.095 [http-nio-8899-exec-3] INFO  com.course.controller.UserManage - zhangsan,登录成功，身份是:用户！
2018-06-26 10:36:46.312 [http-nio-8899-exec-2] INFO  com.course.controller.UserManage - 登陆失败!使用用户名：lisi	密码：lisi
2018-06-26 10:36:47.061 [http-nio-8899-exec-4] INFO  com.course.controller.UserManage - wangwu,登录成功，身份是：管理员!
2018-06-26 10:36:47.628 [http-nio-8899-exec-5] INFO  com.course.controller.UserManage - 
{id:0,
userName:zhao9,
age:35,
sex:0,
permission:null,
isDelete:null}

2018-06-26 10:36:47.805 [http-nio-8899-exec-5] INFO  com.course.controller.UserManage - 注册失败,用户名已存在！
2018-06-26 10:36:48.493 [http-nio-8899-exec-6] INFO  com.course.controller.UserManage - 
{id:1,
userName:zhangsan,
age:90,
sex:woman,
permission:0,
isDelete:0}

2018-06-26 10:36:49.247 [http-nio-8899-exec-7] INFO  com.course.controller.UserManage - userName:wangwu
2018-06-26 10:36:49.404 [http-nio-8899-exec-7] INFO  com.course.controller.UserManage - wangwu将zhangsan的权限改成了null
2018-06-26 10:36:49.964 [http-nio-8899-exec-8] INFO  com.course.controller.UserManage - userName:wangwu
2018-06-26 10:36:49.964 [http-nio-8899-exec-8] INFO  com.course.controller.UserManage - 开始执行删除用户sql语句当前用户名：zhao9
2018-06-26 10:36:50.119 [http-nio-8899-exec-8] INFO  com.course.controller.UserManage - zhao9用户删除成功！
2018-06-26 10:40:30.610 [http-nio-8899-exec-10] INFO  com.course.controller.UserManage - zhangsan,登录成功，身份是:用户！
2018-06-26 10:40:31.314 [http-nio-8899-exec-1] INFO  com.course.controller.UserManage - 登陆失败!使用用户名：lisi	密码：lisi
2018-06-26 10:40:31.976 [http-nio-8899-exec-3] INFO  com.course.controller.UserManage - wangwu,登录成功，身份是：管理员!
2018-06-26 10:40:32.552 [http-nio-8899-exec-2] INFO  com.course.controller.UserManage - 
{id:0,
userName:zhao9,
age:35,
sex:0,
permission:null,
isDelete:null}

2018-06-26 10:40:32.713 [http-nio-8899-exec-2] INFO  com.course.controller.UserManage - 注册失败,用户名已存在！
2018-06-26 10:40:33.416 [http-nio-8899-exec-4] INFO  com.course.controller.UserManage - 
{id:1,
userName:zhangsan,
age:90,
sex:woman,
permission:0,
isDelete:0}

2018-06-26 10:40:34.086 [http-nio-8899-exec-5] INFO  com.course.controller.UserManage - userName:wangwu
2018-06-26 10:40:34.251 [http-nio-8899-exec-5] INFO  com.course.controller.UserManage - wangwu将zhangsan的权限改成了null
2018-06-26 10:40:34.869 [http-nio-8899-exec-6] INFO  com.course.controller.UserManage - userName:wangwu
2018-06-26 10:40:34.870 [http-nio-8899-exec-6] INFO  com.course.controller.UserManage - 开始执行删除用户sql语句当前用户名：zhao9
2018-06-26 10:40:35.034 [http-nio-8899-exec-6] INFO  com.course.controller.UserManage - zhao9用户删除成功！
2018-06-26 10:41:49.916 [http-nio-8899-exec-8] INFO  com.course.controller.UserManage - zhangsan,登录成功，身份是:用户！
2018-06-26 10:41:50.615 [http-nio-8899-exec-9] INFO  com.course.controller.UserManage - 登陆失败!使用用户名：lisi	密码：lisi
2018-06-26 10:41:51.283 [http-nio-8899-exec-10] INFO  com.course.controller.UserManage - wangwu,登录成功，身份是：管理员!
2018-06-26 10:41:51.839 [http-nio-8899-exec-1] INFO  com.course.controller.UserManage - 
{id:0,
userName:zhao9,
age:35,
sex:0,
permission:null,
isDelete:null}

2018-06-26 10:41:52.005 [http-nio-8899-exec-1] INFO  com.course.controller.UserManage - 注册失败,用户名已存在！
2018-06-26 10:41:52.700 [http-nio-8899-exec-3] INFO  com.course.controller.UserManage - 
{id:9,
userName:test,
age:18,
sex:man,
permission:0,
isDelete:0}

2018-06-26 10:41:52.700 [http-nio-8899-exec-3] INFO  com.course.controller.UserManage - 
{id:10,
userName:mameng,
age:18,
sex:man,
permission:1,
isDelete:1}

2018-06-26 10:41:53.358 [http-nio-8899-exec-2] INFO  com.course.controller.UserManage - userName:wangwu
2018-06-26 10:41:53.519 [http-nio-8899-exec-2] INFO  com.course.controller.UserManage - wangwu将zhangsan的权限改成了null
2018-06-26 10:41:54.070 [http-nio-8899-exec-4] INFO  com.course.controller.UserManage - userName:wangwu
2018-06-26 10:41:54.070 [http-nio-8899-exec-4] INFO  com.course.controller.UserManage - 开始执行删除用户sql语句当前用户名：zhao9
2018-06-26 10:41:54.229 [http-nio-8899-exec-4] INFO  com.course.controller.UserManage - zhao9用户删除成功！
2018-06-26 10:45:11.836 [main] INFO  com.course.Application - Starting Application on Damon with PID 12256 (D:\Desktop\AutoTest\AutoTest\UserManage\target\classes started by damon in D:\Desktop\AutoTest\AutoTest)
2018-06-26 10:45:11.842 [main] INFO  com.course.Application - No active profile set, falling back to default profiles: default
2018-06-26 10:45:11.936 [main] INFO  o.s.boot.web.servlet.context.AnnotationConfigServletWebServerApplicationContext - Refreshing org.springframework.boot.web.servlet.context.AnnotationConfigServletWebServerApplicationContext@139982de: startup date [Tue Jun 26 10:45:11 CST 2018]; root of context hierarchy
2018-06-26 10:45:13.162 [main] WARN  org.mybatis.spring.mapper.ClassPathMapperScanner - No MyBatis mapper was found in '[com.course]' package. Please check your configuration.
2018-06-26 10:45:13.642 [main] INFO  o.s.context.support.PostProcessorRegistrationDelegate$BeanPostProcessorChecker - Bean 'org.springframework.transaction.annotation.ProxyTransactionManagementConfiguration' of type [org.springframework.transaction.annotation.ProxyTransactionManagementConfiguration$$EnhancerBySpringCGLIB$$8a48b699] is not eligible for getting processed by all BeanPostProcessors (for example: not eligible for auto-proxying)
2018-06-26 10:45:14.068 [main] INFO  org.springframework.boot.web.embedded.tomcat.TomcatWebServer - Tomcat initialized with port(s): 8899 (http)
2018-06-26 10:45:14.098 [main] INFO  org.apache.catalina.core.StandardService - Starting service [Tomcat]
2018-06-26 10:45:14.099 [main] INFO  org.apache.catalina.core.StandardEngine - Starting Servlet Engine: Apache Tomcat/8.5.31
2018-06-26 10:45:14.122 [localhost-startStop-1] INFO  org.apache.catalina.core.AprLifecycleListener - The APR based Apache Tomcat Native library which allows optimal performance in production environments was not found on the java.library.path: [D:\Program Files\Java\jdk1.8.0_161\bin;C:\WINDOWS\Sun\Java\bin;C:\WINDOWS\system32;C:\WINDOWS;C:\Program Files (x86)\Intel\iCLS Client\;C:\Program Files\Intel\iCLS Client\;D:\Program Files\Java\jdk1.8.0_161\jre\bin;D:\Program Files\Java\jdk1.8.0_161\bin;C:\WINDOWS\system32;C:\WINDOWS;C:\WINDOWS\System32\Wbem;C:\WINDOWS\System32\WindowsPowerShell\v1.0\;C:\Program Files (x86)\Intel\Intel(R) Management Engine Components\DAL;C:\Program Files\Intel\Intel(R) Management Engine Components\DAL;C:\Program Files (x86)\Intel\Intel(R) Management Engine Components\IPT;C:\Program Files\Intel\Intel(R) Management Engine Components\IPT;D:\android-sdk-windows\tools;D:\android-sdk-windows\platform-tools;d:\Program Files (x86)\Git\cmd;C:\WINDOWS\System32\OpenSSH\;D:\apache-maven-3.5.3\bin;C:\Users\damon\AppData\Local\Programs\Python\Python36-32\Scripts\;C:\Users\damon\AppData\Local\Programs\Python\Python36-32\;C:\Users\damon\AppData\Local\Microsoft\WindowsApps;;.]
2018-06-26 10:45:14.260 [localhost-startStop-1] INFO  org.apache.catalina.core.ContainerBase.[Tomcat].[localhost].[/] - Initializing Spring embedded WebApplicationContext
2018-06-26 10:45:14.261 [localhost-startStop-1] INFO  org.springframework.web.context.ContextLoader - Root WebApplicationContext: initialization completed in 2325 ms
2018-06-26 10:45:14.445 [localhost-startStop-1] INFO  org.springframework.boot.web.servlet.ServletRegistrationBean - Servlet dispatcherServlet mapped to [/]
2018-06-26 10:45:14.451 [localhost-startStop-1] INFO  org.springframework.boot.web.servlet.FilterRegistrationBean - Mapping filter: 'characterEncodingFilter' to: [/*]
2018-06-26 10:45:14.451 [localhost-startStop-1] INFO  org.springframework.boot.web.servlet.FilterRegistrationBean - Mapping filter: 'hiddenHttpMethodFilter' to: [/*]
2018-06-26 10:45:14.451 [localhost-startStop-1] INFO  org.springframework.boot.web.servlet.FilterRegistrationBean - Mapping filter: 'httpPutFormContentFilter' to: [/*]
2018-06-26 10:45:14.452 [localhost-startStop-1] INFO  org.springframework.boot.web.servlet.FilterRegistrationBean - Mapping filter: 'requestContextFilter' to: [/*]
2018-06-26 10:45:15.375 [main] INFO  o.springframework.web.servlet.mvc.method.annotation.RequestMappingHandlerMapping - Mapped "{[/v1/getUserInfo],methods=[POST]}" onto public java.util.List<com.course.model.User> com.course.controller.UserManage.getUserInfo(com.course.model.User,javax.servlet.http.HttpServletRequest)
2018-06-26 10:45:15.377 [main] INFO  o.springframework.web.servlet.mvc.method.annotation.RequestMappingHandlerMapping - Mapped "{[/v1/deleteUser],methods=[POST]}" onto public boolean com.course.controller.UserManage.deleteUser(com.course.model.User,javax.servlet.http.HttpServletRequest)
2018-06-26 10:45:15.377 [main] INFO  o.springframework.web.servlet.mvc.method.annotation.RequestMappingHandlerMapping - Mapped "{[/v1/updateUserInfo],methods=[POST]}" onto public boolean com.course.controller.UserManage.updateUserInfo(com.course.model.User,javax.servlet.http.HttpServletRequest)
2018-06-26 10:45:15.378 [main] INFO  o.springframework.web.servlet.mvc.method.annotation.RequestMappingHandlerMapping - Mapped "{[/v1/login],methods=[POST]}" onto public java.lang.Boolean com.course.controller.UserManage.login(com.course.model.User,javax.servlet.http.HttpServletResponse)
2018-06-26 10:45:15.378 [main] INFO  o.springframework.web.servlet.mvc.method.annotation.RequestMappingHandlerMapping - Mapped "{[/v1/signIn],methods=[POST]}" onto public java.lang.Boolean com.course.controller.UserManage.addUser(com.course.model.User)
2018-06-26 10:45:15.386 [main] INFO  o.springframework.web.servlet.mvc.method.annotation.RequestMappingHandlerMapping - Mapped "{[/swagger-resources/configuration/security]}" onto public org.springframework.http.ResponseEntity<springfox.documentation.swagger.web.SecurityConfiguration> springfox.documentation.swagger.web.ApiResourceController.securityConfiguration()
2018-06-26 10:45:15.387 [main] INFO  o.springframework.web.servlet.mvc.method.annotation.RequestMappingHandlerMapping - Mapped "{[/swagger-resources]}" onto public org.springframework.http.ResponseEntity<java.util.List<springfox.documentation.swagger.web.SwaggerResource>> springfox.documentation.swagger.web.ApiResourceController.swaggerResources()
2018-06-26 10:45:15.388 [main] INFO  o.springframework.web.servlet.mvc.method.annotation.RequestMappingHandlerMapping - Mapped "{[/swagger-resources/configuration/ui]}" onto public org.springframework.http.ResponseEntity<springfox.documentation.swagger.web.UiConfiguration> springfox.documentation.swagger.web.ApiResourceController.uiConfiguration()
2018-06-26 10:45:15.393 [main] INFO  o.springframework.web.servlet.mvc.method.annotation.RequestMappingHandlerMapping - Mapped "{[/error]}" onto public org.springframework.http.ResponseEntity<java.util.Map<java.lang.String, java.lang.Object>> org.springframework.boot.autoconfigure.web.servlet.error.BasicErrorController.error(javax.servlet.http.HttpServletRequest)
2018-06-26 10:45:15.394 [main] INFO  o.springframework.web.servlet.mvc.method.annotation.RequestMappingHandlerMapping - Mapped "{[/error],produces=[text/html]}" onto public org.springframework.web.servlet.ModelAndView org.springframework.boot.autoconfigure.web.servlet.error.BasicErrorController.errorHtml(javax.servlet.http.HttpServletRequest,javax.servlet.http.HttpServletResponse)
2018-06-26 10:45:15.561 [main] INFO  springfox.documentation.spring.web.PropertySourcedRequestMappingHandlerMapping - Mapped URL path [/v2/api-docs] onto method [public org.springframework.http.ResponseEntity<springfox.documentation.spring.web.json.Json> springfox.documentation.swagger2.web.Swagger2Controller.getDocumentation(java.lang.String,javax.servlet.http.HttpServletRequest)]
2018-06-26 10:45:15.672 [main] INFO  org.springframework.web.servlet.handler.SimpleUrlHandlerMapping - Mapped URL path [/**/favicon.ico] onto handler of type [class org.springframework.web.servlet.resource.ResourceHttpRequestHandler]
2018-06-26 10:45:15.877 [main] INFO  o.springframework.web.servlet.mvc.method.annotation.RequestMappingHandlerAdapter - Looking for @ControllerAdvice: org.springframework.boot.web.servlet.context.AnnotationConfigServletWebServerApplicationContext@139982de: startup date [Tue Jun 26 10:45:11 CST 2018]; root of context hierarchy
2018-06-26 10:45:15.943 [main] INFO  org.springframework.web.servlet.handler.SimpleUrlHandlerMapping - Mapped URL path [/webjars/**] onto handler of type [class org.springframework.web.servlet.resource.ResourceHttpRequestHandler]
2018-06-26 10:45:15.944 [main] INFO  org.springframework.web.servlet.handler.SimpleUrlHandlerMapping - Mapped URL path [/**] onto handler of type [class org.springframework.web.servlet.resource.ResourceHttpRequestHandler]
2018-06-26 10:45:16.268 [main] INFO  org.springframework.jmx.export.annotation.AnnotationMBeanExporter - Registering beans for JMX exposure on startup
2018-06-26 10:45:16.270 [main] INFO  org.springframework.jmx.export.annotation.AnnotationMBeanExporter - Bean with name 'dataSource' has been autodetected for JMX exposure
2018-06-26 10:45:16.279 [main] INFO  org.springframework.jmx.export.annotation.AnnotationMBeanExporter - Located MBean 'dataSource': registering with JMX server as MBean [com.zaxxer.hikari:name=dataSource,type=HikariDataSource]
2018-06-26 10:45:16.285 [main] INFO  org.springframework.context.support.DefaultLifecycleProcessor - Starting beans in phase 2147483647
2018-06-26 10:45:16.285 [main] INFO  springfox.documentation.spring.web.plugins.DocumentationPluginsBootstrapper - Context refreshed
2018-06-26 10:45:16.311 [main] INFO  springfox.documentation.spring.web.plugins.DocumentationPluginsBootstrapper - Found 1 custom documentation plugin(s)
2018-06-26 10:45:16.356 [main] INFO  springfox.documentation.spring.web.scanners.ApiListingReferenceScanner - Scanning for api listing references
2018-06-26 10:45:16.652 [main] INFO  org.springframework.boot.web.embedded.tomcat.TomcatWebServer - Tomcat started on port(s): 8899 (http) with context path ''
2018-06-26 10:45:16.658 [main] INFO  com.course.Application - Started Application in 5.491 seconds (JVM running for 7.225)
2018-06-26 10:45:25.052 [http-nio-8899-exec-1] INFO  org.apache.catalina.core.ContainerBase.[Tomcat].[localhost].[/] - Initializing Spring FrameworkServlet 'dispatcherServlet'
2018-06-26 10:45:25.052 [http-nio-8899-exec-1] INFO  org.springframework.web.servlet.DispatcherServlet - FrameworkServlet 'dispatcherServlet': initialization started
2018-06-26 10:45:25.089 [http-nio-8899-exec-1] INFO  org.springframework.web.servlet.DispatcherServlet - FrameworkServlet 'dispatcherServlet': initialization completed in 37 ms
2018-06-26 10:45:25.211 [http-nio-8899-exec-1] INFO  com.zaxxer.hikari.HikariDataSource - HikariPool-1 - Starting...
2018-06-26 10:45:25.212 [http-nio-8899-exec-1] WARN  com.zaxxer.hikari.util.DriverDataSource - Registered driver with driverClassName=com.mysql.jdbc.Driver was not found, trying direct instantiation.
2018-06-26 10:45:25.990 [http-nio-8899-exec-1] INFO  com.zaxxer.hikari.HikariDataSource - HikariPool-1 - Start completed.
2018-06-26 10:45:26.100 [http-nio-8899-exec-1] INFO  com.course.controller.UserManage - zhangsan,登录成功，身份是:用户！
2018-06-26 10:45:26.817 [http-nio-8899-exec-3] INFO  com.course.controller.UserManage - 登陆失败!使用用户名：lisi	密码：lisi
2018-06-26 10:45:27.470 [http-nio-8899-exec-2] INFO  com.course.controller.UserManage - wangwu,登录成功，身份是：管理员!
2018-06-26 10:45:28.031 [http-nio-8899-exec-5] INFO  com.course.controller.UserManage - 
{id:0,
userName:zhao9,
age:35,
sex:0,
permission:null,
isDelete:null}

2018-06-26 10:45:28.234 [http-nio-8899-exec-5] INFO  org.springframework.beans.factory.xml.XmlBeanDefinitionReader - Loading XML bean definitions from class path resource [org/springframework/jdbc/support/sql-error-codes.xml]
2018-06-26 10:45:28.287 [http-nio-8899-exec-5] INFO  org.springframework.jdbc.support.SQLErrorCodesFactory - SQLErrorCodes loaded: [DB2, Derby, H2, HDB, HSQL, Informix, MS-SQL, MySQL, Oracle, PostgreSQL, Sybase]
2018-06-26 10:45:28.292 [http-nio-8899-exec-5] INFO  com.course.controller.UserManage - 注册失败,用户名已存在！
2018-06-26 10:45:28.870 [http-nio-8899-exec-4] INFO  com.course.controller.UserManage - userName:wangwu
2018-06-26 10:45:28.871 [http-nio-8899-exec-4] INFO  com.course.controller.UserManage - 查询用户信息，当前用户是：wangwu
2018-06-26 10:45:29.039 [http-nio-8899-exec-4] INFO  com.course.controller.UserManage - 
{id:9,
userName:test,
age:18,
sex:man,
permission:0,
isDelete:0}

2018-06-26 10:45:29.039 [http-nio-8899-exec-4] INFO  com.course.controller.UserManage - 
{id:10,
userName:mameng,
age:18,
sex:man,
permission:1,
isDelete:1}

2018-06-26 10:45:29.720 [http-nio-8899-exec-6] INFO  com.course.controller.UserManage - userName:wangwu
2018-06-26 10:45:29.876 [http-nio-8899-exec-6] INFO  com.course.controller.UserManage - wangwu将zhangsan的权限改成了null
2018-06-26 10:45:30.442 [http-nio-8899-exec-7] INFO  com.course.controller.UserManage - userName:wangwu
2018-06-26 10:45:30.442 [http-nio-8899-exec-7] INFO  com.course.controller.UserManage - 开始执行删除用户sql语句,当前用户名：zhao9
2018-06-26 10:45:30.595 [http-nio-8899-exec-7] INFO  com.course.controller.UserManage - zhao9用户删除成功！
2018-06-26 10:52:54.729 [http-nio-8899-exec-9] INFO  com.course.controller.UserManage - zhangsan,登录成功，身份是:用户！
2018-06-26 10:52:55.412 [http-nio-8899-exec-10] INFO  com.course.controller.UserManage - 登陆失败!使用用户名：lisi	密码：lisi
2018-06-26 10:52:56.074 [http-nio-8899-exec-1] INFO  com.course.controller.UserManage - wangwu,登录成功，身份是：管理员!
2018-06-26 10:52:56.632 [http-nio-8899-exec-3] INFO  com.course.controller.UserManage - 
{id:0,
userName:zhao9,
age:35,
sex:0,
permission:null,
isDelete:null}

2018-06-26 10:52:56.795 [http-nio-8899-exec-3] INFO  com.course.controller.UserManage - 注册失败,用户名已存在！
2018-06-26 10:52:57.369 [http-nio-8899-exec-2] INFO  com.course.controller.UserManage - userName:wangwu
2018-06-26 10:52:57.369 [http-nio-8899-exec-2] INFO  com.course.controller.UserManage - 查询用户信息，当前用户是：wangwu
2018-06-26 10:52:57.471 [http-nio-8899-exec-2] INFO  com.course.controller.UserManage - 
{id:9,
userName:test,
age:18,
sex:man,
permission:0,
isDelete:0}

2018-06-26 10:52:57.471 [http-nio-8899-exec-2] INFO  com.course.controller.UserManage - 
{id:10,
userName:mameng,
age:18,
sex:man,
permission:1,
isDelete:1}

2018-06-26 10:52:58.135 [http-nio-8899-exec-5] INFO  com.course.controller.UserManage - userName:wangwu
2018-06-26 10:52:58.292 [http-nio-8899-exec-5] INFO  com.course.controller.UserManage - wangwu将zhangsan的权限改成了null
2018-06-26 10:52:58.843 [http-nio-8899-exec-4] INFO  com.course.controller.UserManage - userName:wangwu
2018-06-26 10:52:58.843 [http-nio-8899-exec-4] INFO  com.course.controller.UserManage - 开始执行删除用户sql语句,当前用户名：zhao9
2018-06-26 10:52:58.998 [http-nio-8899-exec-4] INFO  com.course.controller.UserManage - zhao9用户删除成功！
2018-06-26 10:58:04.720 [http-nio-8899-exec-7] INFO  com.course.controller.UserManage - zhangsan,登录成功，身份是:用户！
2018-06-26 10:58:05.418 [http-nio-8899-exec-8] INFO  com.course.controller.UserManage - 登陆失败!使用用户名：lisi	密码：lisi
2018-06-26 10:58:06.065 [http-nio-8899-exec-9] INFO  com.course.controller.UserManage - wangwu,登录成功，身份是：管理员!
2018-06-26 10:58:06.617 [http-nio-8899-exec-10] INFO  com.course.controller.UserManage - 
{id:0,
userName:zhao9,
age:35,
sex:0,
permission:null,
isDelete:null}

2018-06-26 10:58:06.776 [http-nio-8899-exec-10] INFO  com.course.controller.UserManage - 注册失败,用户名已存在！
2018-06-26 10:58:07.343 [http-nio-8899-exec-1] INFO  com.course.controller.UserManage - userName:wangwu
2018-06-26 10:58:07.343 [http-nio-8899-exec-1] INFO  com.course.controller.UserManage - 查询用户信息，当前用户是：wangwu
2018-06-26 10:58:07.445 [http-nio-8899-exec-1] INFO  com.course.controller.UserManage - 
{id:9,
userName:test,
age:18,
sex:man,
permission:0,
isDelete:0}

2018-06-26 10:58:07.445 [http-nio-8899-exec-1] INFO  com.course.controller.UserManage - 
{id:10,
userName:mameng,
age:18,
sex:man,
permission:1,
isDelete:1}

2018-06-26 10:58:08.099 [http-nio-8899-exec-3] INFO  com.course.controller.UserManage - userName:wangwu
2018-06-26 10:58:08.255 [http-nio-8899-exec-3] INFO  com.course.controller.UserManage - wangwu将zhangsan的权限改成了null
2018-06-26 10:58:08.828 [http-nio-8899-exec-2] INFO  com.course.controller.UserManage - userName:wangwu
2018-06-26 10:58:08.828 [http-nio-8899-exec-2] INFO  com.course.controller.UserManage - 开始执行删除用户sql语句,当前用户名：zhao9
2018-06-26 10:58:08.984 [http-nio-8899-exec-2] INFO  com.course.controller.UserManage - zhao9用户删除成功！
2018-06-26 11:00:12.451 [http-nio-8899-exec-4] INFO  com.course.controller.UserManage - zhangsan,登录成功，身份是:用户！
2018-06-26 11:00:13.197 [http-nio-8899-exec-6] INFO  com.course.controller.UserManage - 登陆失败!使用用户名：lisi	密码：lisi
2018-06-26 11:00:13.859 [http-nio-8899-exec-7] INFO  com.course.controller.UserManage - wangwu,登录成功，身份是：管理员!
2018-06-26 11:00:14.417 [http-nio-8899-exec-8] INFO  com.course.controller.UserManage - 
{id:0,
userName:zhao9,
age:35,
sex:0,
permission:null,
isDelete:null}

2018-06-26 11:00:14.578 [http-nio-8899-exec-8] INFO  com.course.controller.UserManage - 注册失败,用户名已存在！
2018-06-26 11:00:15.150 [http-nio-8899-exec-9] INFO  com.course.controller.UserManage - userName:wangwu
2018-06-26 11:00:15.150 [http-nio-8899-exec-9] INFO  com.course.controller.UserManage - 查询用户信息，当前用户是：wangwu
2018-06-26 11:00:15.253 [http-nio-8899-exec-9] INFO  com.course.controller.UserManage - 
{id:9,
userName:test,
age:18,
sex:man,
permission:0,
isDelete:0}

2018-06-26 11:00:15.253 [http-nio-8899-exec-9] INFO  com.course.controller.UserManage - 
{id:10,
userName:mameng,
age:18,
sex:man,
permission:1,
isDelete:1}

2018-06-26 11:00:15.897 [http-nio-8899-exec-10] INFO  com.course.controller.UserManage - userName:wangwu
2018-06-26 11:00:16.049 [http-nio-8899-exec-10] INFO  com.course.controller.UserManage - wangwu将zhangsan的权限改成了null
2018-06-26 11:00:16.608 [http-nio-8899-exec-1] INFO  com.course.controller.UserManage - userName:wangwu
2018-06-26 11:00:16.608 [http-nio-8899-exec-1] INFO  com.course.controller.UserManage - 开始执行删除用户sql语句,当前用户名：zhao9
2018-06-26 11:00:16.762 [http-nio-8899-exec-1] INFO  com.course.controller.UserManage - zhao9用户删除成功！
2018-06-26 11:01:37.299 [http-nio-8899-exec-2] INFO  com.course.controller.UserManage - zhangsan,登录成功，身份是:用户！
2018-06-26 11:01:38.013 [http-nio-8899-exec-5] INFO  com.course.controller.UserManage - 登陆失败!使用用户名：lisi	密码：lisi
2018-06-26 11:01:38.688 [http-nio-8899-exec-4] INFO  com.course.controller.UserManage - wangwu,登录成功，身份是：管理员!
2018-06-26 11:01:39.267 [http-nio-8899-exec-6] INFO  com.course.controller.UserManage - 
{id:0,
userName:zhao9,
age:35,
sex:0,
permission:null,
isDelete:null}

2018-06-26 11:01:39.423 [http-nio-8899-exec-6] INFO  com.course.controller.UserManage - 注册失败,用户名已存在！
2018-06-26 11:01:39.989 [http-nio-8899-exec-7] INFO  com.course.controller.UserManage - userName:wangwu
2018-06-26 11:01:39.989 [http-nio-8899-exec-7] INFO  com.course.controller.UserManage - 查询用户信息，当前用户是：wangwu
2018-06-26 11:01:40.090 [http-nio-8899-exec-7] INFO  com.course.controller.UserManage - 
{id:9,
userName:test,
age:18,
sex:man,
permission:0,
isDelete:0}

2018-06-26 11:01:40.090 [http-nio-8899-exec-7] INFO  com.course.controller.UserManage - 
{id:10,
userName:mameng,
age:18,
sex:man,
permission:1,
isDelete:1}

2018-06-26 11:01:40.769 [http-nio-8899-exec-8] INFO  com.course.controller.UserManage - userName:wangwu
2018-06-26 11:01:40.932 [http-nio-8899-exec-8] INFO  com.course.controller.UserManage - wangwu将zhangsan的权限改成了null
2018-06-26 11:01:41.498 [http-nio-8899-exec-9] INFO  com.course.controller.UserManage - userName:wangwu
2018-06-26 11:01:41.498 [http-nio-8899-exec-9] INFO  com.course.controller.UserManage - 开始执行删除用户sql语句,当前用户名：zhao9
2018-06-26 11:01:41.650 [http-nio-8899-exec-9] INFO  com.course.controller.UserManage - zhao9用户删除成功！
2018-06-26 11:03:41.461 [http-nio-8899-exec-1] INFO  com.course.controller.UserManage - zhangsan,登录成功，身份是:用户！
2018-06-26 11:03:42.156 [http-nio-8899-exec-3] INFO  com.course.controller.UserManage - 登陆失败!使用用户名：lisi	密码：lisi
2018-06-26 11:03:42.820 [http-nio-8899-exec-2] INFO  com.course.controller.UserManage - wangwu,登录成功，身份是：管理员!
2018-06-26 11:03:43.380 [http-nio-8899-exec-5] INFO  com.course.controller.UserManage - 
{id:0,
userName:zhao9,
age:35,
sex:0,
permission:null,
isDelete:null}

2018-06-26 11:03:43.538 [http-nio-8899-exec-5] INFO  com.course.controller.UserManage - 注册失败,用户名已存在！
2018-06-26 11:03:44.113 [http-nio-8899-exec-4] INFO  com.course.controller.UserManage - userName:wangwu
2018-06-26 11:03:44.113 [http-nio-8899-exec-4] INFO  com.course.controller.UserManage - 查询用户信息，当前用户是：wangwu
2018-06-26 11:03:44.211 [http-nio-8899-exec-4] INFO  com.course.controller.UserManage - 
{id:9,
userName:test,
age:18,
sex:man,
permission:0,
isDelete:0}

2018-06-26 11:03:44.211 [http-nio-8899-exec-4] INFO  com.course.controller.UserManage - 
{id:10,
userName:mameng,
age:18,
sex:man,
permission:1,
isDelete:1}

2018-06-26 11:03:47.867 [http-nio-8899-exec-6] INFO  com.course.controller.UserManage - userName:wangwu
2018-06-26 11:03:48.022 [http-nio-8899-exec-6] INFO  com.course.controller.UserManage - wangwu将zhangsan的权限改成了null
2018-06-26 11:03:48.579 [http-nio-8899-exec-7] INFO  com.course.controller.UserManage - userName:wangwu
2018-06-26 11:03:48.579 [http-nio-8899-exec-7] INFO  com.course.controller.UserManage - 开始执行删除用户sql语句,当前用户名：zhao9
2018-06-26 11:03:48.771 [http-nio-8899-exec-7] INFO  com.course.controller.UserManage - zhao9用户删除成功！
2018-06-26 11:14:26.240 [http-nio-8899-exec-9] INFO  com.course.controller.UserManage - zhangsan,登录成功，身份是:用户！
2018-06-26 11:14:26.943 [http-nio-8899-exec-10] INFO  com.course.controller.UserManage - 登陆失败!使用用户名：lisi	密码：lisi
2018-06-26 11:14:27.613 [http-nio-8899-exec-1] INFO  com.course.controller.UserManage - wangwu,登录成功，身份是：管理员!
2018-06-26 11:14:28.176 [http-nio-8899-exec-3] INFO  com.course.controller.UserManage - 
{id:0,
userName:zhao9,
age:35,
sex:0,
permission:null,
isDelete:null}

2018-06-26 11:14:28.331 [http-nio-8899-exec-3] INFO  com.course.controller.UserManage - 注册失败,用户名已存在！
2018-06-26 11:14:28.942 [http-nio-8899-exec-2] INFO  com.course.controller.UserManage - userName:wangwu
2018-06-26 11:14:28.942 [http-nio-8899-exec-2] INFO  com.course.controller.UserManage - 查询用户信息，当前用户是：wangwu
2018-06-26 11:14:29.042 [http-nio-8899-exec-2] INFO  com.course.controller.UserManage - 
{id:9,
userName:test,
age:18,
sex:man,
permission:0,
isDelete:0}

2018-06-26 11:14:29.043 [http-nio-8899-exec-2] INFO  com.course.controller.UserManage - 
{id:10,
userName:mameng,
age:18,
sex:man,
permission:1,
isDelete:1}

2018-06-26 11:14:32.691 [http-nio-8899-exec-5] INFO  com.course.controller.UserManage - userName:wangwu
2018-06-26 11:14:32.846 [http-nio-8899-exec-5] INFO  com.course.controller.UserManage - wangwu将zhangsan的权限改成了null
2018-06-26 11:14:33.401 [http-nio-8899-exec-4] INFO  com.course.controller.UserManage - userName:wangwu
2018-06-26 11:14:33.402 [http-nio-8899-exec-4] INFO  com.course.controller.UserManage - 开始执行删除用户sql语句,当前用户名：zhao9
2018-06-26 11:14:33.556 [http-nio-8899-exec-4] INFO  com.course.controller.UserManage - zhao9用户删除成功！
2018-06-26 11:19:50.611 [http-nio-8899-exec-7] INFO  com.course.controller.UserManage - zhangsan,登录成功，身份是:用户！
2018-06-26 11:19:51.313 [http-nio-8899-exec-8] INFO  com.course.controller.UserManage - 登陆失败!使用用户名：lisi	密码：lisi
2018-06-26 11:19:51.963 [http-nio-8899-exec-9] INFO  com.course.controller.UserManage - wangwu,登录成功，身份是：管理员!
2018-06-26 11:19:52.514 [http-nio-8899-exec-10] INFO  com.course.controller.UserManage - 
{id:0,
userName:zhao9,
age:35,
sex:0,
permission:null,
isDelete:null}

2018-06-26 11:19:52.670 [http-nio-8899-exec-10] INFO  com.course.controller.UserManage - 注册失败,用户名已存在！
2018-06-26 11:19:53.262 [http-nio-8899-exec-1] INFO  com.course.controller.UserManage - userName:wangwu
2018-06-26 11:19:53.263 [http-nio-8899-exec-1] INFO  com.course.controller.UserManage - 查询用户信息，当前用户是：wangwu
2018-06-26 11:19:53.366 [http-nio-8899-exec-1] INFO  com.course.controller.UserManage - 
{id:9,
userName:test,
age:18,
sex:man,
permission:0,
isDelete:0}

2018-06-26 11:19:53.366 [http-nio-8899-exec-1] INFO  com.course.controller.UserManage - 
{id:10,
userName:mameng,
age:18,
sex:man,
permission:1,
isDelete:1}

2018-06-26 11:19:57.024 [http-nio-8899-exec-3] INFO  com.course.controller.UserManage - userName:wangwu
2018-06-26 11:19:57.199 [http-nio-8899-exec-3] INFO  com.course.controller.UserManage - wangwu将zhangsan的权限改成了null
2018-06-26 11:19:57.760 [http-nio-8899-exec-2] INFO  com.course.controller.UserManage - userName:wangwu
2018-06-26 11:19:57.760 [http-nio-8899-exec-2] INFO  com.course.controller.UserManage - 开始执行删除用户sql语句,当前用户名：zhao9
2018-06-26 11:19:57.919 [http-nio-8899-exec-2] INFO  com.course.controller.UserManage - zhao9用户删除成功！
2018-06-26 11:22:23.224 [http-nio-8899-exec-4] INFO  com.course.controller.UserManage - zhangsan,登录成功，身份是:用户！
2018-06-26 11:22:23.922 [http-nio-8899-exec-6] INFO  com.course.controller.UserManage - 登陆失败!使用用户名：lisi	密码：lisi
2018-06-26 11:22:24.590 [http-nio-8899-exec-7] INFO  com.course.controller.UserManage - wangwu,登录成功，身份是：管理员!
2018-06-26 11:22:25.157 [http-nio-8899-exec-8] INFO  com.course.controller.UserManage - 
{id:0,
userName:zhao9,
age:35,
sex:0,
permission:null,
isDelete:null}

2018-06-26 11:22:25.325 [http-nio-8899-exec-8] INFO  com.course.controller.UserManage - 注册失败,用户名已存在！
2018-06-26 11:22:25.895 [http-nio-8899-exec-9] INFO  com.course.controller.UserManage - userName:wangwu
2018-06-26 11:22:25.895 [http-nio-8899-exec-9] INFO  com.course.controller.UserManage - 查询用户信息，当前用户是：wangwu
2018-06-26 11:22:25.998 [http-nio-8899-exec-9] INFO  com.course.controller.UserManage - 
{id:9,
userName:test,
age:18,
sex:man,
permission:0,
isDelete:0}

2018-06-26 11:22:25.998 [http-nio-8899-exec-9] INFO  com.course.controller.UserManage - 
{id:10,
userName:mameng,
age:18,
sex:man,
permission:1,
isDelete:1}

2018-06-26 11:22:29.658 [http-nio-8899-exec-10] INFO  com.course.controller.UserManage - userName:wangwu
2018-06-26 11:22:29.817 [http-nio-8899-exec-10] INFO  com.course.controller.UserManage - wangwu将zhangsan的权限改成了null
2018-06-26 11:22:30.379 [http-nio-8899-exec-1] INFO  com.course.controller.UserManage - userName:wangwu
2018-06-26 11:22:30.379 [http-nio-8899-exec-1] INFO  com.course.controller.UserManage - 开始执行删除用户sql语句,当前用户名：zhao9
2018-06-26 11:22:30.538 [http-nio-8899-exec-1] INFO  com.course.controller.UserManage - zhao9用户删除成功！
2018-06-26 15:09:38.831 [main] INFO  com.course.Application - Starting Application on Damon with PID 14972 (D:\Desktop\AutoTest\AutoTest\UserManage\target\classes started by damon in D:\Desktop\AutoTest\AutoTest)
2018-06-26 15:09:38.836 [main] INFO  com.course.Application - No active profile set, falling back to default profiles: default
2018-06-26 15:09:38.951 [main] INFO  o.s.boot.context.embedded.AnnotationConfigEmbeddedWebApplicationContext - Refreshing org.springframework.boot.context.embedded.AnnotationConfigEmbeddedWebApplicationContext@4c371370: startup date [Tue Jun 26 15:09:38 CST 2018]; root of context hierarchy
2018-06-26 15:09:40.345 [main] WARN  org.mybatis.spring.mapper.ClassPathMapperScanner - No MyBatis mapper was found in '[com.course]' package. Please check your configuration.
2018-06-26 15:09:40.892 [main] INFO  o.s.context.support.PostProcessorRegistrationDelegate$BeanPostProcessorChecker - Bean 'org.springframework.transaction.annotation.ProxyTransactionManagementConfiguration' of type [org.springframework.transaction.annotation.ProxyTransactionManagementConfiguration$$EnhancerBySpringCGLIB$$86cd2c75] is not eligible for getting processed by all BeanPostProcessors (for example: not eligible for auto-proxying)
2018-06-26 15:09:41.278 [main] INFO  org.springframework.boot.context.embedded.tomcat.TomcatEmbeddedServletContainer - Tomcat initialized with port(s): 8899 (http)
2018-06-26 15:09:41.297 [main] INFO  org.apache.catalina.core.StandardService - Starting service Tomcat
2018-06-26 15:09:41.297 [main] INFO  org.apache.catalina.core.StandardEngine - Starting Servlet Engine: Apache Tomcat/8.5.14
2018-06-26 15:09:41.453 [localhost-startStop-1] INFO  org.apache.catalina.core.ContainerBase.[Tomcat].[localhost].[/] - Initializing Spring embedded WebApplicationContext
2018-06-26 15:09:41.453 [localhost-startStop-1] INFO  org.springframework.web.context.ContextLoader - Root WebApplicationContext: initialization completed in 2502 ms
2018-06-26 15:09:41.704 [localhost-startStop-1] INFO  org.springframework.boot.web.servlet.ServletRegistrationBean - Mapping servlet: 'dispatcherServlet' to [/]
2018-06-26 15:09:41.716 [localhost-startStop-1] INFO  org.springframework.boot.web.servlet.FilterRegistrationBean - Mapping filter: 'characterEncodingFilter' to: [/*]
2018-06-26 15:09:41.716 [localhost-startStop-1] INFO  org.springframework.boot.web.servlet.FilterRegistrationBean - Mapping filter: 'hiddenHttpMethodFilter' to: [/*]
2018-06-26 15:09:41.716 [localhost-startStop-1] INFO  org.springframework.boot.web.servlet.FilterRegistrationBean - Mapping filter: 'httpPutFormContentFilter' to: [/*]
2018-06-26 15:09:41.717 [localhost-startStop-1] INFO  org.springframework.boot.web.servlet.FilterRegistrationBean - Mapping filter: 'requestContextFilter' to: [/*]
2018-06-26 15:09:42.958 [main] INFO  o.springframework.web.servlet.mvc.method.annotation.RequestMappingHandlerMapping - Mapped "{[/v1/getUserInfo],methods=[POST]}" onto public java.util.List<com.course.model.User> com.course.controller.UserManage.getUserInfo(com.course.model.User,javax.servlet.http.HttpServletRequest)
2018-06-26 15:09:42.959 [main] INFO  o.springframework.web.servlet.mvc.method.annotation.RequestMappingHandlerMapping - Mapped "{[/v1/login],methods=[POST]}" onto public java.lang.Boolean com.course.controller.UserManage.login(com.course.model.User,javax.servlet.http.HttpServletResponse)
2018-06-26 15:09:42.960 [main] INFO  o.springframework.web.servlet.mvc.method.annotation.RequestMappingHandlerMapping - Mapped "{[/v1/deleteUser],methods=[POST]}" onto public boolean com.course.controller.UserManage.deleteUser(com.course.model.User,javax.servlet.http.HttpServletRequest)
2018-06-26 15:09:42.960 [main] INFO  o.springframework.web.servlet.mvc.method.annotation.RequestMappingHandlerMapping - Mapped "{[/v1/updateUserInfo],methods=[POST]}" onto public boolean com.course.controller.UserManage.updateUserInfo(com.course.model.User,javax.servlet.http.HttpServletRequest)
2018-06-26 15:09:42.960 [main] INFO  o.springframework.web.servlet.mvc.method.annotation.RequestMappingHandlerMapping - Mapped "{[/v1/signIn],methods=[POST]}" onto public java.lang.Boolean com.course.controller.UserManage.addUser(com.course.model.User)
2018-06-26 15:09:42.966 [main] INFO  o.springframework.web.servlet.mvc.method.annotation.RequestMappingHandlerMapping - Mapped "{[/swagger-resources/configuration/security]}" onto public org.springframework.http.ResponseEntity<springfox.documentation.swagger.web.SecurityConfiguration> springfox.documentation.swagger.web.ApiResourceController.securityConfiguration()
2018-06-26 15:09:42.967 [main] INFO  o.springframework.web.servlet.mvc.method.annotation.RequestMappingHandlerMapping - Mapped "{[/swagger-resources]}" onto public org.springframework.http.ResponseEntity<java.util.List<springfox.documentation.swagger.web.SwaggerResource>> springfox.documentation.swagger.web.ApiResourceController.swaggerResources()
2018-06-26 15:09:42.968 [main] INFO  o.springframework.web.servlet.mvc.method.annotation.RequestMappingHandlerMapping - Mapped "{[/swagger-resources/configuration/ui]}" onto public org.springframework.http.ResponseEntity<springfox.documentation.swagger.web.UiConfiguration> springfox.documentation.swagger.web.ApiResourceController.uiConfiguration()
2018-06-26 15:09:42.972 [main] INFO  o.springframework.web.servlet.mvc.method.annotation.RequestMappingHandlerMapping - Mapped "{[/error]}" onto public org.springframework.http.ResponseEntity<java.util.Map<java.lang.String, java.lang.Object>> org.springframework.boot.autoconfigure.web.BasicErrorController.error(javax.servlet.http.HttpServletRequest)
2018-06-26 15:09:42.972 [main] INFO  o.springframework.web.servlet.mvc.method.annotation.RequestMappingHandlerMapping - Mapped "{[/error],produces=[text/html]}" onto public org.springframework.web.servlet.ModelAndView org.springframework.boot.autoconfigure.web.BasicErrorController.errorHtml(javax.servlet.http.HttpServletRequest,javax.servlet.http.HttpServletResponse)
2018-06-26 15:09:43.152 [main] INFO  springfox.documentation.spring.web.PropertySourcedRequestMappingHandlerMapping - Mapped URL path [/v2/api-docs] onto method [public org.springframework.http.ResponseEntity<springfox.documentation.spring.web.json.Json> springfox.documentation.swagger2.web.Swagger2Controller.getDocumentation(java.lang.String,javax.servlet.http.HttpServletRequest)]
2018-06-26 15:09:43.268 [main] INFO  o.springframework.web.servlet.mvc.method.annotation.RequestMappingHandlerAdapter - Looking for @ControllerAdvice: org.springframework.boot.context.embedded.AnnotationConfigEmbeddedWebApplicationContext@4c371370: startup date [Tue Jun 26 15:09:38 CST 2018]; root of context hierarchy
2018-06-26 15:09:43.341 [main] INFO  org.springframework.web.servlet.handler.SimpleUrlHandlerMapping - Mapped URL path [/webjars/**] onto handler of type [class org.springframework.web.servlet.resource.ResourceHttpRequestHandler]
2018-06-26 15:09:43.341 [main] INFO  org.springframework.web.servlet.handler.SimpleUrlHandlerMapping - Mapped URL path [/**] onto handler of type [class org.springframework.web.servlet.resource.ResourceHttpRequestHandler]
2018-06-26 15:09:43.379 [main] INFO  org.springframework.web.servlet.handler.SimpleUrlHandlerMapping - Mapped URL path [/**/favicon.ico] onto handler of type [class org.springframework.web.servlet.resource.ResourceHttpRequestHandler]
2018-06-26 15:09:43.701 [main] INFO  org.springframework.jmx.export.annotation.AnnotationMBeanExporter - Registering beans for JMX exposure on startup
2018-06-26 15:09:43.711 [main] INFO  org.springframework.context.support.DefaultLifecycleProcessor - Starting beans in phase 2147483647
2018-06-26 15:09:43.714 [main] INFO  springfox.documentation.spring.web.plugins.DocumentationPluginsBootstrapper - Context refreshed
2018-06-26 15:09:43.738 [main] INFO  springfox.documentation.spring.web.plugins.DocumentationPluginsBootstrapper - Found 1 custom documentation plugin(s)
2018-06-26 15:09:43.775 [main] INFO  springfox.documentation.spring.web.scanners.ApiListingReferenceScanner - Scanning for api listing references
2018-06-26 15:09:44.279 [main] INFO  org.springframework.boot.context.embedded.tomcat.TomcatEmbeddedServletContainer - Tomcat started on port(s): 8899 (http)
2018-06-26 15:09:44.291 [main] INFO  com.course.Application - Started Application in 6.048 seconds (JVM running for 8.083)
2018-06-26 15:17:05.330 [main] INFO  com.course.Application - Starting Application on Damon with PID 15540 (D:\Desktop\AutoTest\AutoTest\UserManage\target\classes started by damon in D:\Desktop\AutoTest\AutoTest)
2018-06-26 15:17:05.334 [main] INFO  com.course.Application - No active profile set, falling back to default profiles: default
2018-06-26 15:17:05.412 [main] INFO  o.s.boot.context.embedded.AnnotationConfigEmbeddedWebApplicationContext - Refreshing org.springframework.boot.context.embedded.AnnotationConfigEmbeddedWebApplicationContext@4c371370: startup date [Tue Jun 26 15:17:05 CST 2018]; root of context hierarchy
2018-06-26 15:17:06.831 [main] WARN  org.mybatis.spring.mapper.ClassPathMapperScanner - No MyBatis mapper was found in '[com.course]' package. Please check your configuration.
2018-06-26 15:17:07.390 [main] INFO  o.s.context.support.PostProcessorRegistrationDelegate$BeanPostProcessorChecker - Bean 'org.springframework.transaction.annotation.ProxyTransactionManagementConfiguration' of type [org.springframework.transaction.annotation.ProxyTransactionManagementConfiguration$$EnhancerBySpringCGLIB$$e056b3da] is not eligible for getting processed by all BeanPostProcessors (for example: not eligible for auto-proxying)
2018-06-26 15:17:07.781 [main] INFO  org.springframework.boot.context.embedded.tomcat.TomcatEmbeddedServletContainer - Tomcat initialized with port(s): 8899 (http)
2018-06-26 15:17:07.796 [main] INFO  org.apache.catalina.core.StandardService - Starting service Tomcat
2018-06-26 15:17:07.797 [main] INFO  org.apache.catalina.core.StandardEngine - Starting Servlet Engine: Apache Tomcat/8.5.14
2018-06-26 15:17:07.945 [localhost-startStop-1] INFO  org.apache.catalina.core.ContainerBase.[Tomcat].[localhost].[/] - Initializing Spring embedded WebApplicationContext
2018-06-26 15:17:07.945 [localhost-startStop-1] INFO  org.springframework.web.context.ContextLoader - Root WebApplicationContext: initialization completed in 2533 ms
2018-06-26 15:17:08.196 [localhost-startStop-1] INFO  org.springframework.boot.web.servlet.ServletRegistrationBean - Mapping servlet: 'dispatcherServlet' to [/]
2018-06-26 15:17:08.204 [localhost-startStop-1] INFO  org.springframework.boot.web.servlet.FilterRegistrationBean - Mapping filter: 'characterEncodingFilter' to: [/*]
2018-06-26 15:17:08.205 [localhost-startStop-1] INFO  org.springframework.boot.web.servlet.FilterRegistrationBean - Mapping filter: 'hiddenHttpMethodFilter' to: [/*]
2018-06-26 15:17:08.205 [localhost-startStop-1] INFO  org.springframework.boot.web.servlet.FilterRegistrationBean - Mapping filter: 'httpPutFormContentFilter' to: [/*]
2018-06-26 15:17:08.206 [localhost-startStop-1] INFO  org.springframework.boot.web.servlet.FilterRegistrationBean - Mapping filter: 'requestContextFilter' to: [/*]
2018-06-26 15:17:09.403 [main] INFO  o.springframework.web.servlet.mvc.method.annotation.RequestMappingHandlerMapping - Mapped "{[/v1/getUserInfo],methods=[POST]}" onto public java.util.List<com.course.model.User> com.course.controller.UserManage.getUserInfo(com.course.model.User,javax.servlet.http.HttpServletRequest)
2018-06-26 15:17:09.405 [main] INFO  o.springframework.web.servlet.mvc.method.annotation.RequestMappingHandlerMapping - Mapped "{[/v1/updateUserInfo],methods=[POST]}" onto public boolean com.course.controller.UserManage.updateUserInfo(com.course.model.User,javax.servlet.http.HttpServletRequest)
2018-06-26 15:17:09.406 [main] INFO  o.springframework.web.servlet.mvc.method.annotation.RequestMappingHandlerMapping - Mapped "{[/v1/deleteUser],methods=[POST]}" onto public boolean com.course.controller.UserManage.deleteUser(com.course.model.User,javax.servlet.http.HttpServletRequest)
2018-06-26 15:17:09.407 [main] INFO  o.springframework.web.servlet.mvc.method.annotation.RequestMappingHandlerMapping - Mapped "{[/v1/login],methods=[POST]}" onto public java.lang.Boolean com.course.controller.UserManage.login(com.course.model.User,javax.servlet.http.HttpServletResponse)
2018-06-26 15:17:09.408 [main] INFO  o.springframework.web.servlet.mvc.method.annotation.RequestMappingHandlerMapping - Mapped "{[/v1/signIn],methods=[POST]}" onto public java.lang.Boolean com.course.controller.UserManage.addUser(com.course.model.User)
2018-06-26 15:17:09.415 [main] INFO  o.springframework.web.servlet.mvc.method.annotation.RequestMappingHandlerMapping - Mapped "{[/swagger-resources/configuration/security]}" onto public org.springframework.http.ResponseEntity<springfox.documentation.swagger.web.SecurityConfiguration> springfox.documentation.swagger.web.ApiResourceController.securityConfiguration()
2018-06-26 15:17:09.415 [main] INFO  o.springframework.web.servlet.mvc.method.annotation.RequestMappingHandlerMapping - Mapped "{[/swagger-resources/configuration/ui]}" onto public org.springframework.http.ResponseEntity<springfox.documentation.swagger.web.UiConfiguration> springfox.documentation.swagger.web.ApiResourceController.uiConfiguration()
2018-06-26 15:17:09.416 [main] INFO  o.springframework.web.servlet.mvc.method.annotation.RequestMappingHandlerMapping - Mapped "{[/swagger-resources]}" onto public org.springframework.http.ResponseEntity<java.util.List<springfox.documentation.swagger.web.SwaggerResource>> springfox.documentation.swagger.web.ApiResourceController.swaggerResources()
2018-06-26 15:17:09.420 [main] INFO  o.springframework.web.servlet.mvc.method.annotation.RequestMappingHandlerMapping - Mapped "{[/error]}" onto public org.springframework.http.ResponseEntity<java.util.Map<java.lang.String, java.lang.Object>> org.springframework.boot.autoconfigure.web.BasicErrorController.error(javax.servlet.http.HttpServletRequest)
2018-06-26 15:17:09.421 [main] INFO  o.springframework.web.servlet.mvc.method.annotation.RequestMappingHandlerMapping - Mapped "{[/error],produces=[text/html]}" onto public org.springframework.web.servlet.ModelAndView org.springframework.boot.autoconfigure.web.BasicErrorController.errorHtml(javax.servlet.http.HttpServletRequest,javax.servlet.http.HttpServletResponse)
2018-06-26 15:17:09.620 [main] INFO  springfox.documentation.spring.web.PropertySourcedRequestMappingHandlerMapping - Mapped URL path [/v2/api-docs] onto method [public org.springframework.http.ResponseEntity<springfox.documentation.spring.web.json.Json> springfox.documentation.swagger2.web.Swagger2Controller.getDocumentation(java.lang.String,javax.servlet.http.HttpServletRequest)]
2018-06-26 15:17:09.751 [main] INFO  o.springframework.web.servlet.mvc.method.annotation.RequestMappingHandlerAdapter - Looking for @ControllerAdvice: org.springframework.boot.context.embedded.AnnotationConfigEmbeddedWebApplicationContext@4c371370: startup date [Tue Jun 26 15:17:05 CST 2018]; root of context hierarchy
2018-06-26 15:17:09.821 [main] INFO  org.springframework.web.servlet.handler.SimpleUrlHandlerMapping - Mapped URL path [/webjars/**] onto handler of type [class org.springframework.web.servlet.resource.ResourceHttpRequestHandler]
2018-06-26 15:17:09.821 [main] INFO  org.springframework.web.servlet.handler.SimpleUrlHandlerMapping - Mapped URL path [/**] onto handler of type [class org.springframework.web.servlet.resource.ResourceHttpRequestHandler]
2018-06-26 15:17:09.877 [main] INFO  org.springframework.web.servlet.handler.SimpleUrlHandlerMapping - Mapped URL path [/**/favicon.ico] onto handler of type [class org.springframework.web.servlet.resource.ResourceHttpRequestHandler]
2018-06-26 15:17:10.221 [main] INFO  org.springframework.jmx.export.annotation.AnnotationMBeanExporter - Registering beans for JMX exposure on startup
2018-06-26 15:17:10.233 [main] INFO  org.springframework.context.support.DefaultLifecycleProcessor - Starting beans in phase 2147483647
2018-06-26 15:17:10.234 [main] INFO  springfox.documentation.spring.web.plugins.DocumentationPluginsBootstrapper - Context refreshed
2018-06-26 15:17:10.258 [main] INFO  springfox.documentation.spring.web.plugins.DocumentationPluginsBootstrapper - Found 1 custom documentation plugin(s)
2018-06-26 15:17:10.290 [main] INFO  springfox.documentation.spring.web.scanners.ApiListingReferenceScanner - Scanning for api listing references
2018-06-26 15:17:10.858 [main] INFO  org.springframework.boot.context.embedded.tomcat.TomcatEmbeddedServletContainer - Tomcat started on port(s): 8899 (http)
2018-06-26 15:17:10.866 [main] INFO  com.course.Application - Started Application in 6.038 seconds (JVM running for 7.916)
